<?xml version="1.0" encoding="UTF-8"?>
<!-- Generated by org.testng.reporters.JUnitXMLReporter -->
<testsuite ignored="0" hostname="DESKTOP-290VP95" failures="10" tests="12" name="Surefire test" time="0.075" errors="0" timestamp="2020-06-25T14:02:16 ICT">
  <testcase classname="poly.edu.vn.display.other.HocVienNGTest" name="testGetDiem" time="0.003">
    <failure type="java.lang.AssertionError" message="expected [0.0] but found [-1.0]">
      <![CDATA[java.lang.AssertionError: expected [0.0] but found [-1.0]
at poly.edu.vn.display.other.HocVienNGTest.testGetDiem(HocVienNGTest.java:113)
at java.base/java.util.ArrayList.forEach(ArrayList.java:1510)
... Removed 36 stack frames]]>
    </failure>
  </testcase> <!-- testGetDiem -->
  <testcase classname="poly.edu.vn.display.other.HocVienNGTest" name="testGetMaHV" time="0.0">
    <failure type="java.lang.AssertionError" message="The test case is a prototype.">
      <![CDATA[java.lang.AssertionError: The test case is a prototype.
at poly.edu.vn.display.other.HocVienNGTest.testGetMaHV(HocVienNGTest.java:57)
at java.base/java.util.ArrayList.forEach(ArrayList.java:1510)
... Removed 33 stack frames]]>
    </failure>
  </testcase> <!-- testGetMaHV -->
  <testcase classname="poly.edu.vn.display.other.HocVienNGTest" name="testGetMaKH" time="0.0">
    <failure type="java.lang.AssertionError" message="The test case is a prototype.">
      <![CDATA[java.lang.AssertionError: The test case is a prototype.
at poly.edu.vn.display.other.HocVienNGTest.testGetMaKH(HocVienNGTest.java:76)
at java.base/java.util.ArrayList.forEach(ArrayList.java:1510)
... Removed 33 stack frames]]>
    </failure>
  </testcase> <!-- testGetMaKH -->
  <testcase classname="poly.edu.vn.display.other.HocVienNGTest" name="testGetMaNH" time="0.001">
    <failure type="java.lang.AssertionError" message="expected [] but found [null]">
      <![CDATA[java.lang.AssertionError: expected [] but found [null]
at poly.edu.vn.display.other.HocVienNGTest.testGetMaNH(HocVienNGTest.java:94)
at java.base/java.util.ArrayList.forEach(ArrayList.java:1510)
... Removed 38 stack frames]]>
    </failure>
  </testcase> <!-- testGetMaNH -->
  <testcase classname="poly.edu.vn.display.other.HocVienNGTest" name="testSetDiem" time="0.0">
    <failure type="java.lang.AssertionError" message="The test case is a prototype.">
      <![CDATA[java.lang.AssertionError: The test case is a prototype.
at poly.edu.vn.display.other.HocVienNGTest.testSetDiem(HocVienNGTest.java:123)
at java.base/java.util.ArrayList.forEach(ArrayList.java:1510)
... Removed 33 stack frames]]>
    </failure>
  </testcase> <!-- testSetDiem -->
  <testcase classname="poly.edu.vn.display.other.HocVienNGTest" name="testSetDiemWithNegative" time="0.0">
    <failure type="org.testng.TestException" message="
Method HocVienNGTest.testSetDiemWithNegative()[pri:0, instance:poly.edu.vn.display.other.HocVienNGTest@35fc6dc4] should have thrown an exception of type class java.lang.Exception">
      <![CDATA[org.testng.TestException: 
Method HocVienNGTest.testSetDiemWithNegative()[pri:0, instance:poly.edu.vn.display.other.HocVienNGTest@35fc6dc4] should have thrown an exception of type class java.lang.Exception
at java.base/java.util.ArrayList.forEach(ArrayList.java:1510)
... Removed 29 stack frames]]>
    </failure>
  </testcase> <!-- testSetDiemWithNegative -->
  <testcase classname="poly.edu.vn.display.other.HocVienNGTest" name="testSetDiemWithPostive" time="0.0"/>
  <testcase classname="poly.edu.vn.display.other.HocVienNGTest" name="testSetHocPhiWithZero" time="0.0"/>
  <testcase classname="poly.edu.vn.display.other.HocVienNGTest" name="testSetMaHV" time="0.0">
    <failure type="java.lang.AssertionError" message="The test case is a prototype.">
      <![CDATA[java.lang.AssertionError: The test case is a prototype.
at poly.edu.vn.display.other.HocVienNGTest.testSetMaHV(HocVienNGTest.java:66)
at java.base/java.util.ArrayList.forEach(ArrayList.java:1510)
... Removed 33 stack frames]]>
    </failure>
  </testcase> <!-- testSetMaHV -->
  <testcase classname="poly.edu.vn.display.other.HocVienNGTest" name="testSetMaKH" time="0.0">
    <failure type="java.lang.AssertionError" message="The test case is a prototype.">
      <![CDATA[java.lang.AssertionError: The test case is a prototype.
at poly.edu.vn.display.other.HocVienNGTest.testSetMaKH(HocVienNGTest.java:85)
at java.base/java.util.ArrayList.forEach(ArrayList.java:1510)
... Removed 33 stack frames]]>
    </failure>
  </testcase> <!-- testSetMaKH -->
  <testcase classname="poly.edu.vn.display.other.HocVienNGTest" name="testSetMaNH" time="0.0">
    <failure type="java.lang.AssertionError" message="The test case is a prototype.">
      <![CDATA[java.lang.AssertionError: The test case is a prototype.
at poly.edu.vn.display.other.HocVienNGTest.testSetMaNH(HocVienNGTest.java:104)
at java.base/java.util.ArrayList.forEach(ArrayList.java:1510)
... Removed 33 stack frames]]>
    </failure>
  </testcase> <!-- testSetMaNH -->
  <testcase classname="poly.edu.vn.display.other.HocVienNGTest" name="testToString" time="0.004">
    <failure type="java.lang.StackOverflowError">
      <![CDATA[java.lang.StackOverflowError
at poly.edu.vn.display.other.HocVien.toString(HocVien.java:17)
at poly.edu.vn.display.other.HocVien.toString(HocVien.java:17)
at poly.edu.vn.display.other.HocVien.toString(HocVien.java:17)
at poly.edu.vn.display.other.HocVien.toString(HocVien.java:17)
at poly.edu.vn.display.other.HocVien.toString(HocVien.java:17)
at poly.edu.vn.display.other.HocVien.toString(HocVien.java:17)
at poly.edu.vn.display.other.HocVien.toString(HocVien.java:17)
at poly.edu.vn.display.other.HocVien.toString(HocVien.java:17)
at poly.edu.vn.display.other.HocVien.toString(HocVien.java:17)
at poly.edu.vn.display.other.HocVien.toString(HocVien.java:17)
at poly.edu.vn.display.other.HocVien.toString(HocVien.java:17)
at poly.edu.vn.display.other.HocVien.toString(HocVien.java:17)
at poly.edu.vn.display.other.HocVien.toString(HocVien.java:17)
at poly.edu.vn.display.other.HocVien.toString(HocVien.java:17)
at poly.edu.vn.display.other.HocVien.toString(HocVien.java:17)
at poly.edu.vn.display.other.HocVien.toString(HocVien.java:17)
at poly.edu.vn.display.other.HocVien.toString(HocVien.java:17)
at poly.edu.vn.display.other.HocVien.toString(HocVien.java:17)
at poly.edu.vn.display.other.HocVien.toString(HocVien.java:17)
at poly.edu.vn.display.other.HocVien.toString(HocVien.java:17)
at poly.edu.vn.display.other.HocVien.toString(HocVien.java:17)
at poly.edu.vn.display.other.HocVien.toString(HocVien.java:17)
at poly.edu.vn.display.other.HocVien.toString(HocVien.java:17)
at poly.edu.vn.display.other.HocVien.toString(HocVien.java:17)
at poly.edu.vn.display.other.HocVien.toString(HocVien.java:17)
at poly.edu.vn.display.other.HocVien.toString(HocVien.java:17)
at poly.edu.vn.display.other.HocVien.toString(HocVien.java:17)
at poly.edu.vn.display.other.HocVien.toString(HocVien.java:17)
at poly.edu.vn.display.other.HocVien.toString(HocVien.java:17)
at poly.edu.vn.display.other.HocVien.toString(HocVien.java:17)
at poly.edu.vn.display.other.HocVien.toString(HocVien.java:17)
at poly.edu.vn.display.other.HocVien.toString(HocVien.java:17)
at poly.edu.vn.display.other.HocVien.toString(HocVien.java:17)
at poly.edu.vn.display.other.HocVien.toString(HocVien.java:17)
at poly.edu.vn.display.other.HocVien.toString(HocVien.java:17)
at poly.edu.vn.display.other.HocVien.toString(HocVien.java:17)
at poly.edu.vn.display.other.HocVien.toString(HocVien.java:17)
at poly.edu.vn.display.other.HocVien.toString(HocVien.java:17)
at poly.edu.vn.display.other.HocVien.toString(HocVien.java:17)
at poly.edu.vn.display.other.HocVien.toString(HocVien.java:17)
at poly.edu.vn.display.other.HocVien.toString(HocVien.java:17)
at poly.edu.vn.display.other.HocVien.toString(HocVien.java:17)
at poly.edu.vn.display.other.HocVien.toString(HocVien.java:17)
at poly.edu.vn.display.other.HocVien.toString(HocVien.java:17)
at poly.edu.vn.display.other.HocVien.toString(HocVien.java:17)
at poly.edu.vn.display.other.HocVien.toString(HocVien.java:17)
at poly.edu.vn.display.other.HocVien.toString(HocVien.java:17)
at poly.edu.vn.display.other.HocVien.toString(HocVien.java:17)
at poly.edu.vn.display.other.HocVien.toString(HocVien.java:17)
at poly.edu.vn.display.other.HocVien.toString(HocVien.java:17)
at poly.edu.vn.display.other.HocVien.toString(HocVien.java:17)
at poly.edu.vn.display.other.HocVien.toString(HocVien.java:17)
at poly.edu.vn.display.other.HocVien.toString(HocVien.java:17)
at poly.edu.vn.display.other.HocVien.toString(HocVien.java:17)
at poly.edu.vn.display.other.HocVien.toString(HocVien.java:17)
at poly.edu.vn.display.other.HocVien.toString(HocVien.java:17)
at poly.edu.vn.display.other.HocVien.toString(HocVien.java:17)
at poly.edu.vn.display.other.HocVien.toString(HocVien.java:17)
at poly.edu.vn.display.other.HocVien.toString(HocVien.java:17)
at poly.edu.vn.display.other.HocVien.toString(HocVien.java:17)
at poly.edu.vn.display.other.HocVien.toString(HocVien.java:17)
at poly.edu.vn.display.other.HocVien.toString(HocVien.java:17)
at poly.edu.vn.display.other.HocVien.toString(HocVien.java:17)
at poly.edu.vn.display.other.HocVien.toString(HocVien.java:17)
at poly.edu.vn.display.other.HocVien.toString(HocVien.java:17)
at poly.edu.vn.display.other.HocVien.toString(HocVien.java:17)
at poly.edu.vn.display.other.HocVien.toString(HocVien.java:17)
at poly.edu.vn.display.other.HocVien.toString(HocVien.java:17)
at poly.edu.vn.display.other.HocVien.toString(HocVien.java:17)
at poly.edu.vn.display.other.HocVien.toString(HocVien.java:17)
at poly.edu.vn.display.other.HocVien.toString(HocVien.java:17)
at poly.edu.vn.display.other.HocVien.toString(HocVien.java:17)
at poly.edu.vn.display.other.HocVien.toString(HocVien.java:17)
at poly.edu.vn.display.other.HocVien.toString(HocVien.java:17)
at poly.edu.vn.display.other.HocVien.toString(HocVien.java:17)
at poly.edu.vn.display.other.HocVien.toString(HocVien.java:17)
at poly.edu.vn.display.other.HocVien.toString(HocVien.java:17)
at poly.edu.vn.display.other.HocVien.toString(HocVien.java:17)
at poly.edu.vn.display.other.HocVien.toString(HocVien.java:17)
at poly.edu.vn.display.other.HocVien.toString(HocVien.java:17)
at poly.edu.vn.display.other.HocVien.toString(HocVien.java:17)
at poly.edu.vn.display.other.HocVien.toString(HocVien.java:17)
at poly.edu.vn.display.other.HocVien.toString(HocVien.java:17)
at poly.edu.vn.display.other.HocVien.toString(HocVien.java:17)
at poly.edu.vn.display.other.HocVien.toString(HocVien.java:17)
at poly.edu.vn.display.other.HocVien.toString(HocVien.java:17)
at poly.edu.vn.display.other.HocVien.toString(HocVien.java:17)
at poly.edu.vn.display.other.HocVien.toString(HocVien.java:17)
at poly.edu.vn.display.other.HocVien.toString(HocVien.java:17)
at poly.edu.vn.display.other.HocVien.toString(HocVien.java:17)
at poly.edu.vn.display.other.HocVien.toString(HocVien.java:17)
at poly.edu.vn.display.other.HocVien.toString(HocVien.java:17)
at poly.edu.vn.display.other.HocVien.toString(HocVien.java:17)
at poly.edu.vn.display.other.HocVien.toString(HocVien.java:17)
at poly.edu.vn.display.other.HocVien.toString(HocVien.java:17)
at poly.edu.vn.display.other.HocVien.toString(HocVien.java:17)
at poly.edu.vn.display.other.HocVien.toString(HocVien.java:17)
at poly.edu.vn.display.other.HocVien.toString(HocVien.java:17)
at poly.edu.vn.display.other.HocVien.toString(HocVien.java:17)
at poly.edu.vn.display.other.HocVien.toString(HocVien.java:17)
at poly.edu.vn.display.other.HocVien.toString(HocVien.java:17)
at poly.edu.vn.display.other.HocVien.toString(HocVien.java:17)
at poly.edu.vn.display.other.HocVien.toString(HocVien.java:17)
at poly.edu.vn.display.other.HocVien.toString(HocVien.java:17)
at poly.edu.vn.display.other.HocVien.toString(HocVien.java:17)
at poly.edu.vn.display.other.HocVien.toString(HocVien.java:17)
at poly.edu.vn.display.other.HocVien.toString(HocVien.java:17)
at poly.edu.vn.display.other.HocVien.toString(HocVien.java:17)
at poly.edu.vn.display.other.HocVien.toString(HocVien.java:17)
at poly.edu.vn.display.other.HocVien.toString(HocVien.java:17)
at poly.edu.vn.display.other.HocVien.toString(HocVien.java:17)
at poly.edu.vn.display.other.HocVien.toString(HocVien.java:17)
at poly.edu.vn.display.other.HocVien.toString(HocVien.java:17)
at poly.edu.vn.display.other.HocVien.toString(HocVien.java:17)
at poly.edu.vn.display.other.HocVien.toString(HocVien.java:17)
at poly.edu.vn.display.other.HocVien.toString(HocVien.java:17)
at poly.edu.vn.display.other.HocVien.toString(HocVien.java:17)
at poly.edu.vn.display.other.HocVien.toString(HocVien.java:17)
at poly.edu.vn.display.other.HocVien.toString(HocVien.java:17)
at poly.edu.vn.display.other.HocVien.toString(HocVien.java:17)
at poly.edu.vn.display.other.HocVien.toString(HocVien.java:17)
at poly.edu.vn.display.other.HocVien.toString(HocVien.java:17)
at poly.edu.vn.display.other.HocVien.toString(HocVien.java:17)
at poly.edu.vn.display.other.HocVien.toString(HocVien.java:17)
at poly.edu.vn.display.other.HocVien.toString(HocVien.java:17)
at poly.edu.vn.display.other.HocVien.toString(HocVien.java:17)
at poly.edu.vn.display.other.HocVien.toString(HocVien.java:17)
at poly.edu.vn.display.other.HocVien.toString(HocVien.java:17)
at poly.edu.vn.display.other.HocVien.toString(HocVien.java:17)
at poly.edu.vn.display.other.HocVien.toString(HocVien.java:17)
at poly.edu.vn.display.other.HocVien.toString(HocVien.java:17)
at poly.edu.vn.display.other.HocVien.toString(HocVien.java:17)
at poly.edu.vn.display.other.HocVien.toString(HocVien.java:17)
at poly.edu.vn.display.other.HocVien.toString(HocVien.java:17)
at poly.edu.vn.display.other.HocVien.toString(HocVien.java:17)
at poly.edu.vn.display.other.HocVien.toString(HocVien.java:17)
at poly.edu.vn.display.other.HocVien.toString(HocVien.java:17)
at poly.edu.vn.display.other.HocVien.toString(HocVien.java:17)
at poly.edu.vn.display.other.HocVien.toString(HocVien.java:17)
at poly.edu.vn.display.other.HocVien.toString(HocVien.java:17)
at poly.edu.vn.display.other.HocVien.toString(HocVien.java:17)
at poly.edu.vn.display.other.HocVien.toString(HocVien.java:17)
at poly.edu.vn.display.other.HocVien.toString(HocVien.java:17)
at poly.edu.vn.display.other.HocVien.toString(HocVien.java:17)
at poly.edu.vn.display.other.HocVien.toString(HocVien.java:17)
at poly.edu.vn.display.other.HocVien.toString(HocVien.java:17)
at poly.edu.vn.display.other.HocVien.toString(HocVien.java:17)
at poly.edu.vn.display.other.HocVien.toString(HocVien.java:17)
at poly.edu.vn.display.other.HocVien.toString(HocVien.java:17)
at poly.edu.vn.display.other.HocVien.toString(HocVien.java:17)
at poly.edu.vn.display.other.HocVien.toString(HocVien.java:17)
at poly.edu.vn.display.other.HocVien.toString(HocVien.java:17)
at poly.edu.vn.display.other.HocVien.toString(HocVien.java:17)
at poly.edu.vn.display.other.HocVien.toString(HocVien.java:17)
at poly.edu.vn.display.other.HocVien.toString(HocVien.java:17)
at poly.edu.vn.display.other.HocVien.toString(HocVien.java:17)
at poly.edu.vn.display.other.HocVien.toString(HocVien.java:17)
at poly.edu.vn.display.other.HocVien.toString(HocVien.java:17)
at poly.edu.vn.display.other.HocVien.toString(HocVien.java:17)
at poly.edu.vn.display.other.HocVien.toString(HocVien.java:17)
at poly.edu.vn.display.other.HocVien.toString(HocVien.java:17)
at poly.edu.vn.display.other.HocVien.toString(HocVien.java:17)
at poly.edu.vn.display.other.HocVien.toString(HocVien.java:17)
at poly.edu.vn.display.other.HocVien.toString(HocVien.java:17)
at poly.edu.vn.display.other.HocVien.toString(HocVien.java:17)
at poly.edu.vn.display.other.HocVien.toString(HocVien.java:17)
at poly.edu.vn.display.other.HocVien.toString(HocVien.java:17)
at poly.edu.vn.display.other.HocVien.toString(HocVien.java:17)
at poly.edu.vn.display.other.HocVien.toString(HocVien.java:17)
at poly.edu.vn.display.other.HocVien.toString(HocVien.java:17)
at poly.edu.vn.display.other.HocVien.toString(HocVien.java:17)
at poly.edu.vn.display.other.HocVien.toString(HocVien.java:17)
at poly.edu.vn.display.other.HocVien.toString(HocVien.java:17)
at poly.edu.vn.display.other.HocVien.toString(HocVien.java:17)
at poly.edu.vn.display.other.HocVien.toString(HocVien.java:17)
at poly.edu.vn.display.other.HocVien.toString(HocVien.java:17)
at poly.edu.vn.display.other.HocVien.toString(HocVien.java:17)
at poly.edu.vn.display.other.HocVien.toString(HocVien.java:17)
at poly.edu.vn.display.other.HocVien.toString(HocVien.java:17)
at poly.edu.vn.display.other.HocVien.toString(HocVien.java:17)
at poly.edu.vn.display.other.HocVien.toString(HocVien.java:17)
at poly.edu.vn.display.other.HocVien.toString(HocVien.java:17)
at poly.edu.vn.display.other.HocVien.toString(HocVien.java:17)
at poly.edu.vn.display.other.HocVien.toString(HocVien.java:17)
at poly.edu.vn.display.other.HocVien.toString(HocVien.java:17)
at poly.edu.vn.display.other.HocVien.toString(HocVien.java:17)
at poly.edu.vn.display.other.HocVien.toString(HocVien.java:17)
at poly.edu.vn.display.other.HocVien.toString(HocVien.java:17)
at poly.edu.vn.display.other.HocVien.toString(HocVien.java:17)
at poly.edu.vn.display.other.HocVien.toString(HocVien.java:17)
at poly.edu.vn.display.other.HocVien.toString(HocVien.java:17)
at poly.edu.vn.display.other.HocVien.toString(HocVien.java:17)
at poly.edu.vn.display.other.HocVien.toString(HocVien.java:17)
at poly.edu.vn.display.other.HocVien.toString(HocVien.java:17)
at poly.edu.vn.display.other.HocVien.toString(HocVien.java:17)
at poly.edu.vn.display.other.HocVien.toString(HocVien.java:17)
at poly.edu.vn.display.other.HocVien.toString(HocVien.java:17)
at poly.edu.vn.display.other.HocVien.toString(HocVien.java:17)
at poly.edu.vn.display.other.HocVien.toString(HocVien.java:17)
at poly.edu.vn.display.other.HocVien.toString(HocVien.java:17)
at poly.edu.vn.display.other.HocVien.toString(HocVien.java:17)
at poly.edu.vn.display.other.HocVien.toString(HocVien.java:17)
at poly.edu.vn.display.other.HocVien.toString(HocVien.java:17)
at poly.edu.vn.display.other.HocVien.toString(HocVien.java:17)
at poly.edu.vn.display.other.HocVien.toString(HocVien.java:17)
at poly.edu.vn.display.other.HocVien.toString(HocVien.java:17)
at poly.edu.vn.display.other.HocVien.toString(HocVien.java:17)
at poly.edu.vn.display.other.HocVien.toString(HocVien.java:17)
at poly.edu.vn.display.other.HocVien.toString(HocVien.java:17)
at poly.edu.vn.display.other.HocVien.toString(HocVien.java:17)
at poly.edu.vn.display.other.HocVien.toString(HocVien.java:17)
at poly.edu.vn.display.other.HocVien.toString(HocVien.java:17)
at poly.edu.vn.display.other.HocVien.toString(HocVien.java:17)
at poly.edu.vn.display.other.HocVien.toString(HocVien.java:17)
at poly.edu.vn.display.other.HocVien.toString(HocVien.java:17)
at poly.edu.vn.display.other.HocVien.toString(HocVien.java:17)
at poly.edu.vn.display.other.HocVien.toString(HocVien.java:17)
at poly.edu.vn.display.other.HocVien.toString(HocVien.java:17)
at poly.edu.vn.display.other.HocVien.toString(HocVien.java:17)
at poly.edu.vn.display.other.HocVien.toString(HocVien.java:17)
at poly.edu.vn.display.other.HocVien.toString(HocVien.java:17)
at poly.edu.vn.display.other.HocVien.toString(HocVien.java:17)
at poly.edu.vn.display.other.HocVien.toString(HocVien.java:17)
at poly.edu.vn.display.other.HocVien.toString(HocVien.java:17)
at poly.edu.vn.display.other.HocVien.toString(HocVien.java:17)
at poly.edu.vn.display.other.HocVien.toString(HocVien.java:17)
at poly.edu.vn.display.other.HocVien.toString(HocVien.java:17)
at poly.edu.vn.display.other.HocVien.toString(HocVien.java:17)
at poly.edu.vn.display.other.HocVien.toString(HocVien.java:17)
at poly.edu.vn.display.other.HocVien.toString(HocVien.java:17)
at poly.edu.vn.display.other.HocVien.toString(HocVien.java:17)
at poly.edu.vn.display.other.HocVien.toString(HocVien.java:17)
at poly.edu.vn.display.other.HocVien.toString(HocVien.java:17)
at poly.edu.vn.display.other.HocVien.toString(HocVien.java:17)
at poly.edu.vn.display.other.HocVien.toString(HocVien.java:17)
at poly.edu.vn.display.other.HocVien.toString(HocVien.java:17)
at poly.edu.vn.display.other.HocVien.toString(HocVien.java:17)
at poly.edu.vn.display.other.HocVien.toString(HocVien.java:17)
at poly.edu.vn.display.other.HocVien.toString(HocVien.java:17)
at poly.edu.vn.display.other.HocVien.toString(HocVien.java:17)
at poly.edu.vn.display.other.HocVien.toString(HocVien.java:17)
at poly.edu.vn.display.other.HocVien.toString(HocVien.java:17)
at poly.edu.vn.display.other.HocVien.toString(HocVien.java:17)
at poly.edu.vn.display.other.HocVien.toString(HocVien.java:17)
at poly.edu.vn.display.other.HocVien.toString(HocVien.java:17)
at poly.edu.vn.display.other.HocVien.toString(HocVien.java:17)
at poly.edu.vn.display.other.HocVien.toString(HocVien.java:17)
at poly.edu.vn.display.other.HocVien.toString(HocVien.java:17)
at poly.edu.vn.display.other.HocVien.toString(HocVien.java:17)
at poly.edu.vn.display.other.HocVien.toString(HocVien.java:17)
at poly.edu.vn.display.other.HocVien.toString(HocVien.java:17)
at poly.edu.vn.display.other.HocVien.toString(HocVien.java:17)
at poly.edu.vn.display.other.HocVien.toString(HocVien.java:17)
at poly.edu.vn.display.other.HocVien.toString(HocVien.java:17)
at poly.edu.vn.display.other.HocVien.toString(HocVien.java:17)
at poly.edu.vn.display.other.HocVien.toString(HocVien.java:17)
at poly.edu.vn.display.other.HocVien.toString(HocVien.java:17)
at poly.edu.vn.display.other.HocVien.toString(HocVien.java:17)
at poly.edu.vn.display.other.HocVien.toString(HocVien.java:17)
at poly.edu.vn.display.other.HocVien.toString(HocVien.java:17)
at poly.edu.vn.display.other.HocVien.toString(HocVien.java:17)
at poly.edu.vn.display.other.HocVien.toString(HocVien.java:17)
at poly.edu.vn.display.other.HocVien.toString(HocVien.java:17)
at poly.edu.vn.display.other.HocVien.toString(HocVien.java:17)
at poly.edu.vn.display.other.HocVien.toString(HocVien.java:17)
at poly.edu.vn.display.other.HocVien.toString(HocVien.java:17)
at poly.edu.vn.display.other.HocVien.toString(HocVien.java:17)
at poly.edu.vn.display.other.HocVien.toString(HocVien.java:17)
at poly.edu.vn.display.other.HocVien.toString(HocVien.java:17)
at poly.edu.vn.display.other.HocVien.toString(HocVien.java:17)
at poly.edu.vn.display.other.HocVien.toString(HocVien.java:17)
at poly.edu.vn.display.other.HocVien.toString(HocVien.java:17)
at poly.edu.vn.display.other.HocVien.toString(HocVien.java:17)
at poly.edu.vn.display.other.HocVien.toString(HocVien.java:17)
at poly.edu.vn.display.other.HocVien.toString(HocVien.java:17)
at poly.edu.vn.display.other.HocVien.toString(HocVien.java:17)
at poly.edu.vn.display.other.HocVien.toString(HocVien.java:17)
at poly.edu.vn.display.other.HocVien.toString(HocVien.java:17)
at poly.edu.vn.display.other.HocVien.toString(HocVien.java:17)
at poly.edu.vn.display.other.HocVien.toString(HocVien.java:17)
at poly.edu.vn.display.other.HocVien.toString(HocVien.java:17)
at poly.edu.vn.display.other.HocVien.toString(HocVien.java:17)
at poly.edu.vn.display.other.HocVien.toString(HocVien.java:17)
at poly.edu.vn.display.other.HocVien.toString(HocVien.java:17)
at poly.edu.vn.display.other.HocVien.toString(HocVien.java:17)
at poly.edu.vn.display.other.HocVien.toString(HocVien.java:17)
at poly.edu.vn.display.other.HocVien.toString(HocVien.java:17)
at poly.edu.vn.display.other.HocVien.toString(HocVien.java:17)
at poly.edu.vn.display.other.HocVien.toString(HocVien.java:17)
at poly.edu.vn.display.other.HocVien.toString(HocVien.java:17)
at poly.edu.vn.display.other.HocVien.toString(HocVien.java:17)
at poly.edu.vn.display.other.HocVien.toString(HocVien.java:17)
at poly.edu.vn.display.other.HocVien.toString(HocVien.java:17)
at poly.edu.vn.display.other.HocVien.toString(HocVien.java:17)
at poly.edu.vn.display.other.HocVien.toString(HocVien.java:17)
at poly.edu.vn.display.other.HocVien.toString(HocVien.java:17)
at poly.edu.vn.display.other.HocVien.toString(HocVien.java:17)
at poly.edu.vn.display.other.HocVien.toString(HocVien.java:17)
at poly.edu.vn.display.other.HocVien.toString(HocVien.java:17)
at poly.edu.vn.display.other.HocVien.toString(HocVien.java:17)
at poly.edu.vn.display.other.HocVien.toString(HocVien.java:17)
at poly.edu.vn.display.other.HocVien.toString(HocVien.java:17)
at poly.edu.vn.display.other.HocVien.toString(HocVien.java:17)
at poly.edu.vn.display.other.HocVien.toString(HocVien.java:17)
at poly.edu.vn.display.other.HocVien.toString(HocVien.java:17)
at poly.edu.vn.display.other.HocVien.toString(HocVien.java:17)
at poly.edu.vn.display.other.HocVien.toString(HocVien.java:17)
at poly.edu.vn.display.other.HocVien.toString(HocVien.java:17)
at poly.edu.vn.display.other.HocVien.toString(HocVien.java:17)
at poly.edu.vn.display.other.HocVien.toString(HocVien.java:17)
at poly.edu.vn.display.other.HocVien.toString(HocVien.java:17)
at poly.edu.vn.display.other.HocVien.toString(HocVien.java:17)
at poly.edu.vn.display.other.HocVien.toString(HocVien.java:17)
at poly.edu.vn.display.other.HocVien.toString(HocVien.java:17)
at poly.edu.vn.display.other.HocVien.toString(HocVien.java:17)
at poly.edu.vn.display.other.HocVien.toString(HocVien.java:17)
at poly.edu.vn.display.other.HocVien.toString(HocVien.java:17)
at poly.edu.vn.display.other.HocVien.toString(HocVien.java:17)
at poly.edu.vn.display.other.HocVien.toString(HocVien.java:17)
at poly.edu.vn.display.other.HocVien.toString(HocVien.java:17)
at poly.edu.vn.display.other.HocVien.toString(HocVien.java:17)
at poly.edu.vn.display.other.HocVien.toString(HocVien.java:17)
at poly.edu.vn.display.other.HocVien.toString(HocVien.java:17)
at poly.edu.vn.display.other.HocVien.toString(HocVien.java:17)
at poly.edu.vn.display.other.HocVien.toString(HocVien.java:17)
at poly.edu.vn.display.other.HocVien.toString(HocVien.java:17)
at poly.edu.vn.display.other.HocVien.toString(HocVien.java:17)
at poly.edu.vn.display.other.HocVien.toString(HocVien.java:17)
at poly.edu.vn.display.other.HocVien.toString(HocVien.java:17)
at poly.edu.vn.display.other.HocVien.toString(HocVien.java:17)
at poly.edu.vn.display.other.HocVien.toString(HocVien.java:17)
at poly.edu.vn.display.other.HocVien.toString(HocVien.java:17)
at poly.edu.vn.display.other.HocVien.toString(HocVien.java:17)
at poly.edu.vn.display.other.HocVien.toString(HocVien.java:17)
at poly.edu.vn.display.other.HocVien.toString(HocVien.java:17)
at poly.edu.vn.display.other.HocVien.toString(HocVien.java:17)
at poly.edu.vn.display.other.HocVien.toString(HocVien.java:17)
at poly.edu.vn.display.other.HocVien.toString(HocVien.java:17)
at poly.edu.vn.display.other.HocVien.toString(HocVien.java:17)
at poly.edu.vn.display.other.HocVien.toString(HocVien.java:17)
at poly.edu.vn.display.other.HocVien.toString(HocVien.java:17)
at poly.edu.vn.display.other.HocVien.toString(HocVien.java:17)
at poly.edu.vn.display.other.HocVien.toString(HocVien.java:17)
at poly.edu.vn.display.other.HocVien.toString(HocVien.java:17)
at poly.edu.vn.display.other.HocVien.toString(HocVien.java:17)
at poly.edu.vn.display.other.HocVien.toString(HocVien.java:17)
at poly.edu.vn.display.other.HocVien.toString(HocVien.java:17)
at poly.edu.vn.display.other.HocVien.toString(HocVien.java:17)
at poly.edu.vn.display.other.HocVien.toString(HocVien.java:17)
at poly.edu.vn.display.other.HocVien.toString(HocVien.java:17)
at poly.edu.vn.display.other.HocVien.toString(HocVien.java:17)
at poly.edu.vn.display.other.HocVien.toString(HocVien.java:17)
at poly.edu.vn.display.other.HocVien.toString(HocVien.java:17)
at poly.edu.vn.display.other.HocVien.toString(HocVien.java:17)
at poly.edu.vn.display.other.HocVien.toString(HocVien.java:17)
at poly.edu.vn.display.other.HocVien.toString(HocVien.java:17)
at poly.edu.vn.display.other.HocVien.toString(HocVien.java:17)
at poly.edu.vn.display.other.HocVien.toString(HocVien.java:17)
at poly.edu.vn.display.other.HocVien.toString(HocVien.java:17)
at poly.edu.vn.display.other.HocVien.toString(HocVien.java:17)
at poly.edu.vn.display.other.HocVien.toString(HocVien.java:17)
at poly.edu.vn.display.other.HocVien.toString(HocVien.java:17)
at poly.edu.vn.display.other.HocVien.toString(HocVien.java:17)
at poly.edu.vn.display.other.HocVien.toString(HocVien.java:17)
at poly.edu.vn.display.other.HocVien.toString(HocVien.java:17)
at poly.edu.vn.display.other.HocVien.toString(HocVien.java:17)
at poly.edu.vn.display.other.HocVien.toString(HocVien.java:17)
at poly.edu.vn.display.other.HocVien.toString(HocVien.java:17)
at poly.edu.vn.display.other.HocVien.toString(HocVien.java:17)
at poly.edu.vn.display.other.HocVien.toString(HocVien.java:17)
at poly.edu.vn.display.other.HocVien.toString(HocVien.java:17)
at poly.edu.vn.display.other.HocVien.toString(HocVien.java:17)
at poly.edu.vn.display.other.HocVien.toString(HocVien.java:17)
at poly.edu.vn.display.other.HocVien.toString(HocVien.java:17)
at poly.edu.vn.display.other.HocVien.toString(HocVien.java:17)
at poly.edu.vn.display.other.HocVien.toString(HocVien.java:17)
at poly.edu.vn.display.other.HocVien.toString(HocVien.java:17)
at poly.edu.vn.display.other.HocVien.toString(HocVien.java:17)
at poly.edu.vn.display.other.HocVien.toString(HocVien.java:17)
at poly.edu.vn.display.other.HocVien.toString(HocVien.java:17)
at poly.edu.vn.display.other.HocVien.toString(HocVien.java:17)
at poly.edu.vn.display.other.HocVien.toString(HocVien.java:17)
at poly.edu.vn.display.other.HocVien.toString(HocVien.java:17)
at poly.edu.vn.display.other.HocVien.toString(HocVien.java:17)
at poly.edu.vn.display.other.HocVien.toString(HocVien.java:17)
at poly.edu.vn.display.other.HocVien.toString(HocVien.java:17)
at poly.edu.vn.display.other.HocVien.toString(HocVien.java:17)
at poly.edu.vn.display.other.HocVien.toString(HocVien.java:17)
at poly.edu.vn.display.other.HocVien.toString(HocVien.java:17)
at poly.edu.vn.display.other.HocVien.toString(HocVien.java:17)
at poly.edu.vn.display.other.HocVien.toString(HocVien.java:17)
at poly.edu.vn.display.other.HocVien.toString(HocVien.java:17)
at poly.edu.vn.display.other.HocVien.toString(HocVien.java:17)
at poly.edu.vn.display.other.HocVien.toString(HocVien.java:17)
at poly.edu.vn.display.other.HocVien.toString(HocVien.java:17)
at poly.edu.vn.display.other.HocVien.toString(HocVien.java:17)
at poly.edu.vn.display.other.HocVien.toString(HocVien.java:17)
at poly.edu.vn.display.other.HocVien.toString(HocVien.java:17)
at poly.edu.vn.display.other.HocVien.toString(HocVien.java:17)
at poly.edu.vn.display.other.HocVien.toString(HocVien.java:17)
at poly.edu.vn.display.other.HocVien.toString(HocVien.java:17)
at poly.edu.vn.display.other.HocVien.toString(HocVien.java:17)
at poly.edu.vn.display.other.HocVien.toString(HocVien.java:17)
at poly.edu.vn.display.other.HocVien.toString(HocVien.java:17)
at poly.edu.vn.display.other.HocVien.toString(HocVien.java:17)
at poly.edu.vn.display.other.HocVien.toString(HocVien.java:17)
at poly.edu.vn.display.other.HocVien.toString(HocVien.java:17)
at poly.edu.vn.display.other.HocVien.toString(HocVien.java:17)
at poly.edu.vn.display.other.HocVien.toString(HocVien.java:17)
at poly.edu.vn.display.other.HocVien.toString(HocVien.java:17)
at poly.edu.vn.display.other.HocVien.toString(HocVien.java:17)
at poly.edu.vn.display.other.HocVien.toString(HocVien.java:17)
at poly.edu.vn.display.other.HocVien.toString(HocVien.java:17)
at poly.edu.vn.display.other.HocVien.toString(HocVien.java:17)
at poly.edu.vn.display.other.HocVien.toString(HocVien.java:17)
at poly.edu.vn.display.other.HocVien.toString(HocVien.java:17)
at poly.edu.vn.display.other.HocVien.toString(HocVien.java:17)
at poly.edu.vn.display.other.HocVien.toString(HocVien.java:17)
at poly.edu.vn.display.other.HocVien.toString(HocVien.java:17)
at poly.edu.vn.display.other.HocVien.toString(HocVien.java:17)
at poly.edu.vn.display.other.HocVien.toString(HocVien.java:17)
at poly.edu.vn.display.other.HocVien.toString(HocVien.java:17)
at poly.edu.vn.display.other.HocVien.toString(HocVien.java:17)
at poly.edu.vn.display.other.HocVien.toString(HocVien.java:17)
at poly.edu.vn.display.other.HocVien.toString(HocVien.java:17)
at poly.edu.vn.display.other.HocVien.toString(HocVien.java:17)
at poly.edu.vn.display.other.HocVien.toString(HocVien.java:17)
at poly.edu.vn.display.other.HocVien.toString(HocVien.java:17)
at poly.edu.vn.display.other.HocVien.toString(HocVien.java:17)
at poly.edu.vn.display.other.HocVien.toString(HocVien.java:17)
at poly.edu.vn.display.other.HocVien.toString(HocVien.java:17)
at poly.edu.vn.display.other.HocVien.toString(HocVien.java:17)
at poly.edu.vn.display.other.HocVien.toString(HocVien.java:17)
at poly.edu.vn.display.other.HocVien.toString(HocVien.java:17)
at poly.edu.vn.display.other.HocVien.toString(HocVien.java:17)
at poly.edu.vn.display.other.HocVien.toString(HocVien.java:17)
at poly.edu.vn.display.other.HocVien.toString(HocVien.java:17)
at poly.edu.vn.display.other.HocVien.toString(HocVien.java:17)
at poly.edu.vn.display.other.HocVien.toString(HocVien.java:17)
at poly.edu.vn.display.other.HocVien.toString(HocVien.java:17)
at poly.edu.vn.display.other.HocVien.toString(HocVien.java:17)
at poly.edu.vn.display.other.HocVien.toString(HocVien.java:17)
at poly.edu.vn.display.other.HocVien.toString(HocVien.java:17)
at poly.edu.vn.display.other.HocVien.toString(HocVien.java:17)
at poly.edu.vn.display.other.HocVien.toString(HocVien.java:17)
at poly.edu.vn.display.other.HocVien.toString(HocVien.java:17)
at poly.edu.vn.display.other.HocVien.toString(HocVien.java:17)
at poly.edu.vn.display.other.HocVien.toString(HocVien.java:17)
at poly.edu.vn.display.other.HocVien.toString(HocVien.java:17)
at poly.edu.vn.display.other.HocVien.toString(HocVien.java:17)
at poly.edu.vn.display.other.HocVien.toString(HocVien.java:17)
at poly.edu.vn.display.other.HocVien.toString(HocVien.java:17)
at poly.edu.vn.display.other.HocVien.toString(HocVien.java:17)
at poly.edu.vn.display.other.HocVien.toString(HocVien.java:17)
at poly.edu.vn.display.other.HocVien.toString(HocVien.java:17)
at poly.edu.vn.display.other.HocVien.toString(HocVien.java:17)
at poly.edu.vn.display.other.HocVien.toString(HocVien.java:17)
at poly.edu.vn.display.other.HocVien.toString(HocVien.java:17)
at poly.edu.vn.display.other.HocVien.toString(HocVien.java:17)
at poly.edu.vn.display.other.HocVien.toString(HocVien.java:17)
at poly.edu.vn.display.other.HocVien.toString(HocVien.java:17)
at poly.edu.vn.display.other.HocVien.toString(HocVien.java:17)
at poly.edu.vn.display.other.HocVien.toString(HocVien.java:17)
at poly.edu.vn.display.other.HocVien.toString(HocVien.java:17)
at poly.edu.vn.display.other.HocVien.toString(HocVien.java:17)
at poly.edu.vn.display.other.HocVien.toString(HocVien.java:17)
at poly.edu.vn.display.other.HocVien.toString(HocVien.java:17)
at poly.edu.vn.display.other.HocVien.toString(HocVien.java:17)
at poly.edu.vn.display.other.HocVien.toString(HocVien.java:17)
at poly.edu.vn.display.other.HocVien.toString(HocVien.java:17)
at poly.edu.vn.display.other.HocVien.toString(HocVien.java:17)
at poly.edu.vn.display.other.HocVien.toString(HocVien.java:17)
at poly.edu.vn.display.other.HocVien.toString(HocVien.java:17)
at poly.edu.vn.display.other.HocVien.toString(HocVien.java:17)
at poly.edu.vn.display.other.HocVien.toString(HocVien.java:17)
at poly.edu.vn.display.other.HocVien.toString(HocVien.java:17)
at poly.edu.vn.display.other.HocVien.toString(HocVien.java:17)
at poly.edu.vn.display.other.HocVien.toString(HocVien.java:17)
at poly.edu.vn.display.other.HocVien.toString(HocVien.java:17)
at poly.edu.vn.display.other.HocVien.toString(HocVien.java:17)
at poly.edu.vn.display.other.HocVien.toString(HocVien.java:17)
at poly.edu.vn.display.other.HocVien.toString(HocVien.java:17)
at poly.edu.vn.display.other.HocVien.toString(HocVien.java:17)
at poly.edu.vn.display.other.HocVien.toString(HocVien.java:17)
at poly.edu.vn.display.other.HocVien.toString(HocVien.java:17)
at poly.edu.vn.display.other.HocVien.toString(HocVien.java:17)
at poly.edu.vn.display.other.HocVien.toString(HocVien.java:17)
at poly.edu.vn.display.other.HocVien.toString(HocVien.java:17)
at poly.edu.vn.display.other.HocVien.toString(HocVien.java:17)
at poly.edu.vn.display.other.HocVien.toString(HocVien.java:17)
at poly.edu.vn.display.other.HocVien.toString(HocVien.java:17)
at poly.edu.vn.display.other.HocVien.toString(HocVien.java:17)
at poly.edu.vn.display.other.HocVien.toString(HocVien.java:17)
at poly.edu.vn.display.other.HocVien.toString(HocVien.java:17)
at poly.edu.vn.display.other.HocVien.toString(HocVien.java:17)
at poly.edu.vn.display.other.HocVien.toString(HocVien.java:17)
at poly.edu.vn.display.other.HocVien.toString(HocVien.java:17)
at poly.edu.vn.display.other.HocVien.toString(HocVien.java:17)
at poly.edu.vn.display.other.HocVien.toString(HocVien.java:17)
at poly.edu.vn.display.other.HocVien.toString(HocVien.java:17)
at poly.edu.vn.display.other.HocVien.toString(HocVien.java:17)
at poly.edu.vn.display.other.HocVien.toString(HocVien.java:17)
at poly.edu.vn.display.other.HocVien.toString(HocVien.java:17)
at poly.edu.vn.display.other.HocVien.toString(HocVien.java:17)
at poly.edu.vn.display.other.HocVien.toString(HocVien.java:17)
at poly.edu.vn.display.other.HocVien.toString(HocVien.java:17)
at poly.edu.vn.display.other.HocVien.toString(HocVien.java:17)
at poly.edu.vn.display.other.HocVien.toString(HocVien.java:17)
at poly.edu.vn.display.other.HocVien.toString(HocVien.java:17)
at poly.edu.vn.display.other.HocVien.toString(HocVien.java:17)
at poly.edu.vn.display.other.HocVien.toString(HocVien.java:17)
at poly.edu.vn.display.other.HocVien.toString(HocVien.java:17)
at poly.edu.vn.display.other.HocVien.toString(HocVien.java:17)
at poly.edu.vn.display.other.HocVien.toString(HocVien.java:17)
at poly.edu.vn.display.other.HocVien.toString(HocVien.java:17)
at poly.edu.vn.display.other.HocVien.toString(HocVien.java:17)
at poly.edu.vn.display.other.HocVien.toString(HocVien.java:17)
at poly.edu.vn.display.other.HocVien.toString(HocVien.java:17)
at poly.edu.vn.display.other.HocVien.toString(HocVien.java:17)
at poly.edu.vn.display.other.HocVien.toString(HocVien.java:17)
at poly.edu.vn.display.other.HocVien.toString(HocVien.java:17)
at poly.edu.vn.display.other.HocVien.toString(HocVien.java:17)
at poly.edu.vn.display.other.HocVien.toString(HocVien.java:17)
at poly.edu.vn.display.other.HocVien.toString(HocVien.java:17)
at poly.edu.vn.display.other.HocVien.toString(HocVien.java:17)
at poly.edu.vn.display.other.HocVien.toString(HocVien.java:17)
at poly.edu.vn.display.other.HocVien.toString(HocVien.java:17)
at poly.edu.vn.display.other.HocVien.toString(HocVien.java:17)
at poly.edu.vn.display.other.HocVien.toString(HocVien.java:17)
at poly.edu.vn.display.other.HocVien.toString(HocVien.java:17)
at poly.edu.vn.display.other.HocVien.toString(HocVien.java:17)
at poly.edu.vn.display.other.HocVien.toString(HocVien.java:17)
at poly.edu.vn.display.other.HocVien.toString(HocVien.java:17)
at poly.edu.vn.display.other.HocVien.toString(HocVien.java:17)
at poly.edu.vn.display.other.HocVien.toString(HocVien.java:17)
at poly.edu.vn.display.other.HocVien.toString(HocVien.java:17)
at poly.edu.vn.display.other.HocVien.toString(HocVien.java:17)
at poly.edu.vn.display.other.HocVien.toString(HocVien.java:17)
at poly.edu.vn.display.other.HocVien.toString(HocVien.java:17)
at poly.edu.vn.display.other.HocVien.toString(HocVien.java:17)
at poly.edu.vn.display.other.HocVien.toString(HocVien.java:17)
at poly.edu.vn.display.other.HocVien.toString(HocVien.java:17)
at poly.edu.vn.display.other.HocVien.toString(HocVien.java:17)
at poly.edu.vn.display.other.HocVien.toString(HocVien.java:17)
at poly.edu.vn.display.other.HocVien.toString(HocVien.java:17)
at poly.edu.vn.display.other.HocVien.toString(HocVien.java:17)
at poly.edu.vn.display.other.HocVien.toString(HocVien.java:17)
at poly.edu.vn.display.other.HocVien.toString(HocVien.java:17)
at poly.edu.vn.display.other.HocVien.toString(HocVien.java:17)
at poly.edu.vn.display.other.HocVien.toString(HocVien.java:17)
at poly.edu.vn.display.other.HocVien.toString(HocVien.java:17)
at poly.edu.vn.display.other.HocVien.toString(HocVien.java:17)
at poly.edu.vn.display.other.HocVien.toString(HocVien.java:17)
at poly.edu.vn.display.other.HocVien.toString(HocVien.java:17)
at poly.edu.vn.display.other.HocVien.toString(HocVien.java:17)
at poly.edu.vn.display.other.HocVien.toString(HocVien.java:17)
at poly.edu.vn.display.other.HocVien.toString(HocVien.java:17)
at poly.edu.vn.display.other.HocVien.toString(HocVien.java:17)
at poly.edu.vn.display.other.HocVien.toString(HocVien.java:17)
at poly.edu.vn.display.other.HocVien.toString(HocVien.java:17)
at poly.edu.vn.display.other.HocVien.toString(HocVien.java:17)
at poly.edu.vn.display.other.HocVien.toString(HocVien.java:17)
at poly.edu.vn.display.other.HocVien.toString(HocVien.java:17)
at poly.edu.vn.display.other.HocVien.toString(HocVien.java:17)
at poly.edu.vn.display.other.HocVien.toString(HocVien.java:17)
at poly.edu.vn.display.other.HocVien.toString(HocVien.java:17)
at poly.edu.vn.display.other.HocVien.toString(HocVien.java:17)
at poly.edu.vn.display.other.HocVien.toString(HocVien.java:17)
at poly.edu.vn.display.other.HocVien.toString(HocVien.java:17)
at poly.edu.vn.display.other.HocVien.toString(HocVien.java:17)
at poly.edu.vn.display.other.HocVien.toString(HocVien.java:17)
at poly.edu.vn.display.other.HocVien.toString(HocVien.java:17)
at poly.edu.vn.display.other.HocVien.toString(HocVien.java:17)
at poly.edu.vn.display.other.HocVien.toString(HocVien.java:17)
at poly.edu.vn.display.other.HocVien.toString(HocVien.java:17)
at poly.edu.vn.display.other.HocVien.toString(HocVien.java:17)
at poly.edu.vn.display.other.HocVien.toString(HocVien.java:17)
at poly.edu.vn.display.other.HocVien.toString(HocVien.java:17)
at poly.edu.vn.display.other.HocVien.toString(HocVien.java:17)
at poly.edu.vn.display.other.HocVien.toString(HocVien.java:17)
at poly.edu.vn.display.other.HocVien.toString(HocVien.java:17)
at poly.edu.vn.display.other.HocVien.toString(HocVien.java:17)
at poly.edu.vn.display.other.HocVien.toString(HocVien.java:17)
at poly.edu.vn.display.other.HocVien.toString(HocVien.java:17)
at poly.edu.vn.display.other.HocVien.toString(HocVien.java:17)
at poly.edu.vn.display.other.HocVien.toString(HocVien.java:17)
at poly.edu.vn.display.other.HocVien.toString(HocVien.java:17)
at poly.edu.vn.display.other.HocVien.toString(HocVien.java:17)
at poly.edu.vn.display.other.HocVien.toString(HocVien.java:17)
at poly.edu.vn.display.other.HocVien.toString(HocVien.java:17)
at poly.edu.vn.display.other.HocVien.toString(HocVien.java:17)
at poly.edu.vn.display.other.HocVien.toString(HocVien.java:17)
at poly.edu.vn.display.other.HocVien.toString(HocVien.java:17)
at poly.edu.vn.display.other.HocVien.toString(HocVien.java:17)
at poly.edu.vn.display.other.HocVien.toString(HocVien.java:17)
at poly.edu.vn.display.other.HocVien.toString(HocVien.java:17)
at poly.edu.vn.display.other.HocVien.toString(HocVien.java:17)
at poly.edu.vn.display.other.HocVien.toString(HocVien.java:17)
at poly.edu.vn.display.other.HocVien.toString(HocVien.java:17)
at poly.edu.vn.display.other.HocVien.toString(HocVien.java:17)
at poly.edu.vn.display.other.HocVien.toString(HocVien.java:17)
at poly.edu.vn.display.other.HocVien.toString(HocVien.java:17)
at poly.edu.vn.display.other.HocVien.toString(HocVien.java:17)
at poly.edu.vn.display.other.HocVien.toString(HocVien.java:17)
at poly.edu.vn.display.other.HocVien.toString(HocVien.java:17)
at poly.edu.vn.display.other.HocVien.toString(HocVien.java:17)
at poly.edu.vn.display.other.HocVien.toString(HocVien.java:17)
at poly.edu.vn.display.other.HocVien.toString(HocVien.java:17)
at poly.edu.vn.display.other.HocVien.toString(HocVien.java:17)
at poly.edu.vn.display.other.HocVien.toString(HocVien.java:17)
at poly.edu.vn.display.other.HocVien.toString(HocVien.java:17)
at poly.edu.vn.display.other.HocVien.toString(HocVien.java:17)
at poly.edu.vn.display.other.HocVien.toString(HocVien.java:17)
at poly.edu.vn.display.other.HocVien.toString(HocVien.java:17)
at poly.edu.vn.display.other.HocVien.toString(HocVien.java:17)
at poly.edu.vn.display.other.HocVien.toString(HocVien.java:17)
at poly.edu.vn.display.other.HocVien.toString(HocVien.java:17)
at poly.edu.vn.display.other.HocVien.toString(HocVien.java:17)
at poly.edu.vn.display.other.HocVien.toString(HocVien.java:17)
at poly.edu.vn.display.other.HocVien.toString(HocVien.java:17)
at poly.edu.vn.display.other.HocVien.toString(HocVien.java:17)
at poly.edu.vn.display.other.HocVien.toString(HocVien.java:17)
at poly.edu.vn.display.other.HocVien.toString(HocVien.java:17)
at poly.edu.vn.display.other.HocVien.toString(HocVien.java:17)
at poly.edu.vn.display.other.HocVien.toString(HocVien.java:17)
at poly.edu.vn.display.other.HocVien.toString(HocVien.java:17)
at poly.edu.vn.display.other.HocVien.toString(HocVien.java:17)
at poly.edu.vn.display.other.HocVien.toString(HocVien.java:17)
at poly.edu.vn.display.other.HocVien.toString(HocVien.java:17)
at poly.edu.vn.display.other.HocVien.toString(HocVien.java:17)
at poly.edu.vn.display.other.HocVien.toString(HocVien.java:17)
at poly.edu.vn.display.other.HocVien.toString(HocVien.java:17)
at poly.edu.vn.display.other.HocVien.toString(HocVien.java:17)
at poly.edu.vn.display.other.HocVien.toString(HocVien.java:17)
at poly.edu.vn.display.other.HocVien.toString(HocVien.java:17)
at poly.edu.vn.display.other.HocVien.toString(HocVien.java:17)
at poly.edu.vn.display.other.HocVien.toString(HocVien.java:17)
at poly.edu.vn.display.other.HocVien.toString(HocVien.java:17)
at poly.edu.vn.display.other.HocVien.toString(HocVien.java:17)
at poly.edu.vn.display.other.HocVien.toString(HocVien.java:17)
at poly.edu.vn.display.other.HocVien.toString(HocVien.java:17)
at poly.edu.vn.display.other.HocVien.toString(HocVien.java:17)
at poly.edu.vn.display.other.HocVien.toString(HocVien.java:17)
at poly.edu.vn.display.other.HocVien.toString(HocVien.java:17)
at poly.edu.vn.display.other.HocVien.toString(HocVien.java:17)
at poly.edu.vn.display.other.HocVien.toString(HocVien.java:17)
at poly.edu.vn.display.other.HocVien.toString(HocVien.java:17)
at poly.edu.vn.display.other.HocVien.toString(HocVien.java:17)
at poly.edu.vn.display.other.HocVien.toString(HocVien.java:17)
at poly.edu.vn.display.other.HocVien.toString(HocVien.java:17)
at poly.edu.vn.display.other.HocVien.toString(HocVien.java:17)
at poly.edu.vn.display.other.HocVien.toString(HocVien.java:17)
at poly.edu.vn.display.other.HocVien.toString(HocVien.java:17)
at poly.edu.vn.display.other.HocVien.toString(HocVien.java:17)
at poly.edu.vn.display.other.HocVien.toString(HocVien.java:17)
at poly.edu.vn.display.other.HocVien.toString(HocVien.java:17)
at poly.edu.vn.display.other.HocVien.toString(HocVien.java:17)
at poly.edu.vn.display.other.HocVien.toString(HocVien.java:17)
at poly.edu.vn.display.other.HocVien.toString(HocVien.java:17)
at poly.edu.vn.display.other.HocVien.toString(HocVien.java:17)
at poly.edu.vn.display.other.HocVien.toString(HocVien.java:17)
at poly.edu.vn.display.other.HocVien.toString(HocVien.java:17)
at poly.edu.vn.display.other.HocVien.toString(HocVien.java:17)
at poly.edu.vn.display.other.HocVien.toString(HocVien.java:17)
at poly.edu.vn.display.other.HocVien.toString(HocVien.java:17)
at poly.edu.vn.display.other.HocVien.toString(HocVien.java:17)
at poly.edu.vn.display.other.HocVien.toString(HocVien.java:17)
at poly.edu.vn.display.other.HocVien.toString(HocVien.java:17)
at poly.edu.vn.display.other.HocVien.toString(HocVien.java:17)
at poly.edu.vn.display.other.HocVien.toString(HocVien.java:17)
at poly.edu.vn.display.other.HocVien.toString(HocVien.java:17)
at poly.edu.vn.display.other.HocVien.toString(HocVien.java:17)
at poly.edu.vn.display.other.HocVien.toString(HocVien.java:17)
at poly.edu.vn.display.other.HocVien.toString(HocVien.java:17)
at poly.edu.vn.display.other.HocVien.toString(HocVien.java:17)
at poly.edu.vn.display.other.HocVien.toString(HocVien.java:17)
at poly.edu.vn.display.other.HocVien.toString(HocVien.java:17)
at poly.edu.vn.display.other.HocVien.toString(HocVien.java:17)
at poly.edu.vn.display.other.HocVien.toString(HocVien.java:17)
at poly.edu.vn.display.other.HocVien.toString(HocVien.java:17)
at poly.edu.vn.display.other.HocVien.toString(HocVien.java:17)
at poly.edu.vn.display.other.HocVien.toString(HocVien.java:17)
at poly.edu.vn.display.other.HocVien.toString(HocVien.java:17)
at poly.edu.vn.display.other.HocVien.toString(HocVien.java:17)
at poly.edu.vn.display.other.HocVien.toString(HocVien.java:17)
at poly.edu.vn.display.other.HocVien.toString(HocVien.java:17)
at poly.edu.vn.display.other.HocVien.toString(HocVien.java:17)
at poly.edu.vn.display.other.HocVien.toString(HocVien.java:17)
at poly.edu.vn.display.other.HocVien.toString(HocVien.java:17)
at poly.edu.vn.display.other.HocVien.toString(HocVien.java:17)
at poly.edu.vn.display.other.HocVien.toString(HocVien.java:17)
at poly.edu.vn.display.other.HocVien.toString(HocVien.java:17)
at poly.edu.vn.display.other.HocVien.toString(HocVien.java:17)
at poly.edu.vn.display.other.HocVien.toString(HocVien.java:17)
at poly.edu.vn.display.other.HocVien.toString(HocVien.java:17)
at poly.edu.vn.display.other.HocVien.toString(HocVien.java:17)
at poly.edu.vn.display.other.HocVien.toString(HocVien.java:17)
at poly.edu.vn.display.other.HocVien.toString(HocVien.java:17)
at poly.edu.vn.display.other.HocVien.toString(HocVien.java:17)
at poly.edu.vn.display.other.HocVien.toString(HocVien.java:17)
at poly.edu.vn.display.other.HocVien.toString(HocVien.java:17)
at poly.edu.vn.display.other.HocVien.toString(HocVien.java:17)
at poly.edu.vn.display.other.HocVien.toString(HocVien.java:17)
at poly.edu.vn.display.other.HocVien.toString(HocVien.java:17)
at poly.edu.vn.display.other.HocVien.toString(HocVien.java:17)
at poly.edu.vn.display.other.HocVien.toString(HocVien.java:17)
at poly.edu.vn.display.other.HocVien.toString(HocVien.java:17)
at poly.edu.vn.display.other.HocVien.toString(HocVien.java:17)
at poly.edu.vn.display.other.HocVien.toString(HocVien.java:17)
at poly.edu.vn.display.other.HocVien.toString(HocVien.java:17)
at poly.edu.vn.display.other.HocVien.toString(HocVien.java:17)
at poly.edu.vn.display.other.HocVien.toString(HocVien.java:17)
at poly.edu.vn.display.other.HocVien.toString(HocVien.java:17)
at poly.edu.vn.display.other.HocVien.toString(HocVien.java:17)
at poly.edu.vn.display.other.HocVien.toString(HocVien.java:17)
at poly.edu.vn.display.other.HocVien.toString(HocVien.java:17)
at poly.edu.vn.display.other.HocVien.toString(HocVien.java:17)
at poly.edu.vn.display.other.HocVien.toString(HocVien.java:17)
at poly.edu.vn.display.other.HocVien.toString(HocVien.java:17)
at poly.edu.vn.display.other.HocVien.toString(HocVien.java:17)
at poly.edu.vn.display.other.HocVien.toString(HocVien.java:17)
at poly.edu.vn.display.other.HocVien.toString(HocVien.java:17)
at poly.edu.vn.display.other.HocVien.toString(HocVien.java:17)
at poly.edu.vn.display.other.HocVien.toString(HocVien.java:17)
at poly.edu.vn.display.other.HocVien.toString(HocVien.java:17)
at poly.edu.vn.display.other.HocVien.toString(HocVien.java:17)
at poly.edu.vn.display.other.HocVien.toString(HocVien.java:17)
at poly.edu.vn.display.other.HocVien.toString(HocVien.java:17)
at poly.edu.vn.display.other.HocVien.toString(HocVien.java:17)
at poly.edu.vn.display.other.HocVien.toString(HocVien.java:17)
at poly.edu.vn.display.other.HocVien.toString(HocVien.java:17)
at poly.edu.vn.display.other.HocVien.toString(HocVien.java:17)
at poly.edu.vn.display.other.HocVien.toString(HocVien.java:17)
at poly.edu.vn.display.other.HocVien.toString(HocVien.java:17)
at poly.edu.vn.display.other.HocVien.toString(HocVien.java:17)
at poly.edu.vn.display.other.HocVien.toString(HocVien.java:17)
at poly.edu.vn.display.other.HocVien.toString(HocVien.java:17)
at poly.edu.vn.display.other.HocVien.toString(HocVien.java:17)
at poly.edu.vn.display.other.HocVien.toString(HocVien.java:17)
at poly.edu.vn.display.other.HocVien.toString(HocVien.java:17)
at poly.edu.vn.display.other.HocVien.toString(HocVien.java:17)
at poly.edu.vn.display.other.HocVien.toString(HocVien.java:17)
at poly.edu.vn.display.other.HocVien.toString(HocVien.java:17)
at poly.edu.vn.display.other.HocVien.toString(HocVien.java:17)
at poly.edu.vn.display.other.HocVien.toString(HocVien.java:17)
at poly.edu.vn.display.other.HocVien.toString(HocVien.java:17)
at poly.edu.vn.display.other.HocVien.toString(HocVien.java:17)
at poly.edu.vn.display.other.HocVien.toString(HocVien.java:17)
at poly.edu.vn.display.other.HocVien.toString(HocVien.java:17)
at poly.edu.vn.display.other.HocVien.toString(HocVien.java:17)
at poly.edu.vn.display.other.HocVien.toString(HocVien.java:17)
at poly.edu.vn.display.other.HocVien.toString(HocVien.java:17)
at poly.edu.vn.display.other.HocVien.toString(HocVien.java:17)
at poly.edu.vn.display.other.HocVien.toString(HocVien.java:17)
at poly.edu.vn.display.other.HocVien.toString(HocVien.java:17)
at poly.edu.vn.display.other.HocVien.toString(HocVien.java:17)
at poly.edu.vn.display.other.HocVien.toString(HocVien.java:17)
at poly.edu.vn.display.other.HocVien.toString(HocVien.java:17)
at poly.edu.vn.display.other.HocVien.toString(HocVien.java:17)
at poly.edu.vn.display.other.HocVien.toString(HocVien.java:17)
at poly.edu.vn.display.other.HocVien.toString(HocVien.java:17)
at poly.edu.vn.display.other.HocVien.toString(HocVien.java:17)
at poly.edu.vn.display.other.HocVien.toString(HocVien.java:17)
at poly.edu.vn.display.other.HocVien.toString(HocVien.java:17)
at poly.edu.vn.display.other.HocVien.toString(HocVien.java:17)
at poly.edu.vn.display.other.HocVien.toString(HocVien.java:17)
at poly.edu.vn.display.other.HocVien.toString(HocVien.java:17)
at poly.edu.vn.display.other.HocVien.toString(HocVien.java:17)
at poly.edu.vn.display.other.HocVien.toString(HocVien.java:17)
at poly.edu.vn.display.other.HocVien.toString(HocVien.java:17)
at poly.edu.vn.display.other.HocVien.toString(HocVien.java:17)
at poly.edu.vn.display.other.HocVien.toString(HocVien.java:17)
at poly.edu.vn.display.other.HocVien.toString(HocVien.java:17)
at poly.edu.vn.display.other.HocVien.toString(HocVien.java:17)
at poly.edu.vn.display.other.HocVien.toString(HocVien.java:17)
at poly.edu.vn.display.other.HocVien.toString(HocVien.java:17)
at poly.edu.vn.display.other.HocVien.toString(HocVien.java:17)
at poly.edu.vn.display.other.HocVien.toString(HocVien.java:17)
at poly.edu.vn.display.other.HocVien.toString(HocVien.java:17)
at poly.edu.vn.display.other.HocVien.toString(HocVien.java:17)
at poly.edu.vn.display.other.HocVien.toString(HocVien.java:17)
at poly.edu.vn.display.other.HocVien.toString(HocVien.java:17)
at poly.edu.vn.display.other.HocVien.toString(HocVien.java:17)
at poly.edu.vn.display.other.HocVien.toString(HocVien.java:17)
at poly.edu.vn.display.other.HocVien.toString(HocVien.java:17)
at poly.edu.vn.display.other.HocVien.toString(HocVien.java:17)
at poly.edu.vn.display.other.HocVien.toString(HocVien.java:17)
at poly.edu.vn.display.other.HocVien.toString(HocVien.java:17)
at poly.edu.vn.display.other.HocVien.toString(HocVien.java:17)
at poly.edu.vn.display.other.HocVien.toString(HocVien.java:17)
at poly.edu.vn.display.other.HocVien.toString(HocVien.java:17)
at poly.edu.vn.display.other.HocVien.toString(HocVien.java:17)
at poly.edu.vn.display.other.HocVien.toString(HocVien.java:17)
at poly.edu.vn.display.other.HocVien.toString(HocVien.java:17)
at poly.edu.vn.display.other.HocVien.toString(HocVien.java:17)
at poly.edu.vn.display.other.HocVien.toString(HocVien.java:17)
at poly.edu.vn.display.other.HocVien.toString(HocVien.java:17)
at poly.edu.vn.display.other.HocVien.toString(HocVien.java:17)
at poly.edu.vn.display.other.HocVien.toString(HocVien.java:17)
at poly.edu.vn.display.other.HocVien.toString(HocVien.java:17)
at poly.edu.vn.display.other.HocVien.toString(HocVien.java:17)
at poly.edu.vn.display.other.HocVien.toString(HocVien.java:17)
at poly.edu.vn.display.other.HocVien.toString(HocVien.java:17)
at poly.edu.vn.display.other.HocVien.toString(HocVien.java:17)
at poly.edu.vn.display.other.HocVien.toString(HocVien.java:17)
at poly.edu.vn.display.other.HocVien.toString(HocVien.java:17)
at poly.edu.vn.display.other.HocVien.toString(HocVien.java:17)
at poly.edu.vn.display.other.HocVien.toString(HocVien.java:17)
at poly.edu.vn.display.other.HocVien.toString(HocVien.java:17)
at poly.edu.vn.display.other.HocVien.toString(HocVien.java:17)
at poly.edu.vn.display.other.HocVien.toString(HocVien.java:17)
at poly.edu.vn.display.other.HocVien.toString(HocVien.java:17)
at poly.edu.vn.display.other.HocVien.toString(HocVien.java:17)
at poly.edu.vn.display.other.HocVien.toString(HocVien.java:17)
at poly.edu.vn.display.other.HocVien.toString(HocVien.java:17)
at poly.edu.vn.display.other.HocVien.toString(HocVien.java:17)
at poly.edu.vn.display.other.HocVien.toString(HocVien.java:17)
at poly.edu.vn.display.other.HocVien.toString(HocVien.java:17)
at poly.edu.vn.display.other.HocVien.toString(HocVien.java:17)
at poly.edu.vn.display.other.HocVien.toString(HocVien.java:17)
at poly.edu.vn.display.other.HocVien.toString(HocVien.java:17)
at poly.edu.vn.display.other.HocVien.toString(HocVien.java:17)
at poly.edu.vn.display.other.HocVien.toString(HocVien.java:17)
at poly.edu.vn.display.other.HocVien.toString(HocVien.java:17)
at poly.edu.vn.display.other.HocVien.toString(HocVien.java:17)
at poly.edu.vn.display.other.HocVien.toString(HocVien.java:17)
at poly.edu.vn.display.other.HocVien.toString(HocVien.java:17)
at poly.edu.vn.display.other.HocVien.toString(HocVien.java:17)
at poly.edu.vn.display.other.HocVien.toString(HocVien.java:17)
at poly.edu.vn.display.other.HocVien.toString(HocVien.java:17)
at poly.edu.vn.display.other.HocVien.toString(HocVien.java:17)
at poly.edu.vn.display.other.HocVien.toString(HocVien.java:17)
at poly.edu.vn.display.other.HocVien.toString(HocVien.java:17)
at poly.edu.vn.display.other.HocVien.toString(HocVien.java:17)
at poly.edu.vn.display.other.HocVien.toString(HocVien.java:17)
at poly.edu.vn.display.other.HocVien.toString(HocVien.java:17)
at poly.edu.vn.display.other.HocVien.toString(HocVien.java:17)
at poly.edu.vn.display.other.HocVien.toString(HocVien.java:17)
at poly.edu.vn.display.other.HocVien.toString(HocVien.java:17)
at poly.edu.vn.display.other.HocVien.toString(HocVien.java:17)
at poly.edu.vn.display.other.HocVien.toString(HocVien.java:17)
at poly.edu.vn.display.other.HocVien.toString(HocVien.java:17)
at poly.edu.vn.display.other.HocVien.toString(HocVien.java:17)
at poly.edu.vn.display.other.HocVien.toString(HocVien.java:17)
at poly.edu.vn.display.other.HocVien.toString(HocVien.java:17)
at poly.edu.vn.display.other.HocVien.toString(HocVien.java:17)
at poly.edu.vn.display.other.HocVien.toString(HocVien.java:17)
at poly.edu.vn.display.other.HocVien.toString(HocVien.java:17)
at poly.edu.vn.display.other.HocVien.toString(HocVien.java:17)
at poly.edu.vn.display.other.HocVien.toString(HocVien.java:17)
at poly.edu.vn.display.other.HocVien.toString(HocVien.java:17)
at poly.edu.vn.display.other.HocVien.toString(HocVien.java:17)
at poly.edu.vn.display.other.HocVien.toString(HocVien.java:17)
at poly.edu.vn.display.other.HocVien.toString(HocVien.java:17)
at poly.edu.vn.display.other.HocVien.toString(HocVien.java:17)
at poly.edu.vn.display.other.HocVien.toString(HocVien.java:17)
at poly.edu.vn.display.other.HocVien.toString(HocVien.java:17)
at poly.edu.vn.display.other.HocVien.toString(HocVien.java:17)
at poly.edu.vn.display.other.HocVien.toString(HocVien.java:17)
at poly.edu.vn.display.other.HocVien.toString(HocVien.java:17)
at poly.edu.vn.display.other.HocVien.toString(HocVien.java:17)
at poly.edu.vn.display.other.HocVien.toString(HocVien.java:17)
at poly.edu.vn.display.other.HocVien.toString(HocVien.java:17)
at poly.edu.vn.display.other.HocVien.toString(HocVien.java:17)
at poly.edu.vn.display.other.HocVien.toString(HocVien.java:17)
at poly.edu.vn.display.other.HocVien.toString(HocVien.java:17)
at poly.edu.vn.display.other.HocVien.toString(HocVien.java:17)
at poly.edu.vn.display.other.HocVien.toString(HocVien.java:17)
at poly.edu.vn.display.other.HocVien.toString(HocVien.java:17)
at poly.edu.vn.display.other.HocVien.toString(HocVien.java:17)
at poly.edu.vn.display.other.HocVien.toString(HocVien.java:17)
at poly.edu.vn.display.other.HocVien.toString(HocVien.java:17)
at poly.edu.vn.display.other.HocVien.toString(HocVien.java:17)
at poly.edu.vn.display.other.HocVien.toString(HocVien.java:17)
at poly.edu.vn.display.other.HocVien.toString(HocVien.java:17)
at poly.edu.vn.display.other.HocVien.toString(HocVien.java:17)
at poly.edu.vn.display.other.HocVien.toString(HocVien.java:17)
at poly.edu.vn.display.other.HocVien.toString(HocVien.java:17)
at poly.edu.vn.display.other.HocVien.toString(HocVien.java:17)
at poly.edu.vn.display.other.HocVien.toString(HocVien.java:17)
at poly.edu.vn.display.other.HocVien.toString(HocVien.java:17)
at poly.edu.vn.display.other.HocVien.toString(HocVien.java:17)
at poly.edu.vn.display.other.HocVien.toString(HocVien.java:17)
at poly.edu.vn.display.other.HocVien.toString(HocVien.java:17)
at poly.edu.vn.display.other.HocVien.toString(HocVien.java:17)
at poly.edu.vn.display.other.HocVien.toString(HocVien.java:17)
at poly.edu.vn.display.other.HocVien.toString(HocVien.java:17)
at poly.edu.vn.display.other.HocVien.toString(HocVien.java:17)
at poly.edu.vn.display.other.HocVien.toString(HocVien.java:17)
at poly.edu.vn.display.other.HocVien.toString(HocVien.java:17)
at poly.edu.vn.display.other.HocVien.toString(HocVien.java:17)
at poly.edu.vn.display.other.HocVien.toString(HocVien.java:17)
at poly.edu.vn.display.other.HocVien.toString(HocVien.java:17)
at poly.edu.vn.display.other.HocVien.toString(HocVien.java:17)
at poly.edu.vn.display.other.HocVien.toString(HocVien.java:17)
at poly.edu.vn.display.other.HocVien.toString(HocVien.java:17)
at poly.edu.vn.display.other.HocVien.toString(HocVien.java:17)
at poly.edu.vn.display.other.HocVien.toString(HocVien.java:17)
at poly.edu.vn.display.other.HocVien.toString(HocVien.java:17)
at poly.edu.vn.display.other.HocVien.toString(HocVien.java:17)
at poly.edu.vn.display.other.HocVien.toString(HocVien.java:17)
at poly.edu.vn.display.other.HocVien.toString(HocVien.java:17)
at poly.edu.vn.display.other.HocVien.toString(HocVien.java:17)
at poly.edu.vn.display.other.HocVien.toString(HocVien.java:17)
at poly.edu.vn.display.other.HocVien.toString(HocVien.java:17)
at poly.edu.vn.display.other.HocVien.toString(HocVien.java:17)
at poly.edu.vn.display.other.HocVien.toString(HocVien.java:17)
at poly.edu.vn.display.other.HocVien.toString(HocVien.java:17)
at poly.edu.vn.display.other.HocVien.toString(HocVien.java:17)
at poly.edu.vn.display.other.HocVien.toString(HocVien.java:17)
at poly.edu.vn.display.other.HocVien.toString(HocVien.java:17)
at poly.edu.vn.display.other.HocVien.toString(HocVien.java:17)
at poly.edu.vn.display.other.HocVien.toString(HocVien.java:17)
at poly.edu.vn.display.other.HocVien.toString(HocVien.java:17)
at poly.edu.vn.display.other.HocVien.toString(HocVien.java:17)
at poly.edu.vn.display.other.HocVien.toString(HocVien.java:17)
at poly.edu.vn.display.other.HocVien.toString(HocVien.java:17)
at poly.edu.vn.display.other.HocVien.toString(HocVien.java:17)
at poly.edu.vn.display.other.HocVien.toString(HocVien.java:17)
at poly.edu.vn.display.other.HocVien.toString(HocVien.java:17)
at poly.edu.vn.display.other.HocVien.toString(HocVien.java:17)
at poly.edu.vn.display.other.HocVien.toString(HocVien.java:17)
at poly.edu.vn.display.other.HocVien.toString(HocVien.java:17)
at poly.edu.vn.display.other.HocVien.toString(HocVien.java:17)
at poly.edu.vn.display.other.HocVien.toString(HocVien.java:17)
at poly.edu.vn.display.other.HocVien.toString(HocVien.java:17)
at poly.edu.vn.display.other.HocVien.toString(HocVien.java:17)
at poly.edu.vn.display.other.HocVien.toString(HocVien.java:17)
at poly.edu.vn.display.other.HocVien.toString(HocVien.java:17)
at poly.edu.vn.display.other.HocVien.toString(HocVien.java:17)
at poly.edu.vn.display.other.HocVien.toString(HocVien.java:17)
at poly.edu.vn.display.other.HocVien.toString(HocVien.java:17)
at poly.edu.vn.display.other.HocVien.toString(HocVien.java:17)
at poly.edu.vn.display.other.HocVien.toString(HocVien.java:17)
at poly.edu.vn.display.other.HocVien.toString(HocVien.java:17)
at poly.edu.vn.display.other.HocVien.toString(HocVien.java:17)
at poly.edu.vn.display.other.HocVien.toString(HocVien.java:17)
at poly.edu.vn.display.other.HocVien.toString(HocVien.java:17)
at poly.edu.vn.display.other.HocVien.toString(HocVien.java:17)
at poly.edu.vn.display.other.HocVien.toString(HocVien.java:17)
at poly.edu.vn.display.other.HocVien.toString(HocVien.java:17)
at poly.edu.vn.display.other.HocVien.toString(HocVien.java:17)
at poly.edu.vn.display.other.HocVien.toString(HocVien.java:17)
at poly.edu.vn.display.other.HocVien.toString(HocVien.java:17)
at poly.edu.vn.display.other.HocVien.toString(HocVien.java:17)
at poly.edu.vn.display.other.HocVien.toString(HocVien.java:17)
at poly.edu.vn.display.other.HocVien.toString(HocVien.java:17)
at poly.edu.vn.display.other.HocVien.toString(HocVien.java:17)
at poly.edu.vn.display.other.HocVien.toString(HocVien.java:17)
at poly.edu.vn.display.other.HocVien.toString(HocVien.java:17)
at poly.edu.vn.display.other.HocVien.toString(HocVien.java:17)
at poly.edu.vn.display.other.HocVien.toString(HocVien.java:17)
at poly.edu.vn.display.other.HocVien.toString(HocVien.java:17)
at poly.edu.vn.display.other.HocVien.toString(HocVien.java:17)
at poly.edu.vn.display.other.HocVien.toString(HocVien.java:17)
at poly.edu.vn.display.other.HocVien.toString(HocVien.java:17)
at poly.edu.vn.display.other.HocVien.toString(HocVien.java:17)
at poly.edu.vn.display.other.HocVien.toString(HocVien.java:17)
at poly.edu.vn.display.other.HocVien.toString(HocVien.java:17)
at poly.edu.vn.display.other.HocVien.toString(HocVien.java:17)
at poly.edu.vn.display.other.HocVien.toString(HocVien.java:17)
at poly.edu.vn.display.other.HocVien.toString(HocVien.java:17)
at poly.edu.vn.display.other.HocVien.toString(HocVien.java:17)
at poly.edu.vn.display.other.HocVien.toString(HocVien.java:17)
at poly.edu.vn.display.other.HocVien.toString(HocVien.java:17)
at poly.edu.vn.display.other.HocVien.toString(HocVien.java:17)
at poly.edu.vn.display.other.HocVien.toString(HocVien.java:17)
at poly.edu.vn.display.other.HocVien.toString(HocVien.java:17)
at poly.edu.vn.display.other.HocVien.toString(HocVien.java:17)
at poly.edu.vn.display.other.HocVien.toString(HocVien.java:17)
at poly.edu.vn.display.other.HocVien.toString(HocVien.java:17)
at poly.edu.vn.display.other.HocVien.toString(HocVien.java:17)
at poly.edu.vn.display.other.HocVien.toString(HocVien.java:17)
at poly.edu.vn.display.other.HocVien.toString(HocVien.java:17)
at poly.edu.vn.display.other.HocVien.toString(HocVien.java:17)
at poly.edu.vn.display.other.HocVien.toString(HocVien.java:17)
at poly.edu.vn.display.other.HocVien.toString(HocVien.java:17)
at poly.edu.vn.display.other.HocVien.toString(HocVien.java:17)
at poly.edu.vn.display.other.HocVien.toString(HocVien.java:17)
at poly.edu.vn.display.other.HocVien.toString(HocVien.java:17)
at poly.edu.vn.display.other.HocVien.toString(HocVien.java:17)
at poly.edu.vn.display.other.HocVien.toString(HocVien.java:17)
at poly.edu.vn.display.other.HocVien.toString(HocVien.java:17)
at poly.edu.vn.display.other.HocVien.toString(HocVien.java:17)
at poly.edu.vn.display.other.HocVien.toString(HocVien.java:17)
at poly.edu.vn.display.other.HocVien.toString(HocVien.java:17)
at poly.edu.vn.display.other.HocVien.toString(HocVien.java:17)
at poly.edu.vn.display.other.HocVien.toString(HocVien.java:17)
at poly.edu.vn.display.other.HocVien.toString(HocVien.java:17)
at poly.edu.vn.display.other.HocVien.toString(HocVien.java:17)
at poly.edu.vn.display.other.HocVien.toString(HocVien.java:17)
at poly.edu.vn.display.other.HocVien.toString(HocVien.java:17)
at poly.edu.vn.display.other.HocVien.toString(HocVien.java:17)
at poly.edu.vn.display.other.HocVien.toString(HocVien.java:17)
at poly.edu.vn.display.other.HocVien.toString(HocVien.java:17)
at poly.edu.vn.display.other.HocVien.toString(HocVien.java:17)
at poly.edu.vn.display.other.HocVien.toString(HocVien.java:17)
at poly.edu.vn.display.other.HocVien.toString(HocVien.java:17)
at poly.edu.vn.display.other.HocVien.toString(HocVien.java:17)
at poly.edu.vn.display.other.HocVien.toString(HocVien.java:17)
at poly.edu.vn.display.other.HocVien.toString(HocVien.java:17)
at poly.edu.vn.display.other.HocVien.toString(HocVien.java:17)
at poly.edu.vn.display.other.HocVien.toString(HocVien.java:17)
at poly.edu.vn.display.other.HocVien.toString(HocVien.java:17)
at poly.edu.vn.display.other.HocVien.toString(HocVien.java:17)
at poly.edu.vn.display.other.HocVien.toString(HocVien.java:17)
at poly.edu.vn.display.other.HocVien.toString(HocVien.java:17)
at poly.edu.vn.display.other.HocVien.toString(HocVien.java:17)
at poly.edu.vn.display.other.HocVien.toString(HocVien.java:17)
at poly.edu.vn.display.other.HocVien.toString(HocVien.java:17)
at poly.edu.vn.display.other.HocVien.toString(HocVien.java:17)
at poly.edu.vn.display.other.HocVien.toString(HocVien.java:17)
at poly.edu.vn.display.other.HocVien.toString(HocVien.java:17)
at poly.edu.vn.display.other.HocVien.toString(HocVien.java:17)
at poly.edu.vn.display.other.HocVien.toString(HocVien.java:17)
at poly.edu.vn.display.other.HocVien.toString(HocVien.java:17)
at poly.edu.vn.display.other.HocVien.toString(HocVien.java:17)
at poly.edu.vn.display.other.HocVien.toString(HocVien.java:17)
at poly.edu.vn.display.other.HocVien.toString(HocVien.java:17)
at poly.edu.vn.display.other.HocVien.toString(HocVien.java:17)
at poly.edu.vn.display.other.HocVien.toString(HocVien.java:17)
at poly.edu.vn.display.other.HocVien.toString(HocVien.java:17)
at poly.edu.vn.display.other.HocVien.toString(HocVien.java:17)
at poly.edu.vn.display.other.HocVien.toString(HocVien.java:17)
]]>
    </failure>
  </testcase> <!-- testToString -->
</testsuite> <!-- Surefire test -->
