-------------------------------------------------------------------------------
Test set: poly.edu.vn.display.other.NguochocDaoNGTest
-------------------------------------------------------------------------------
Tests run: 11, Failures: 9, Errors: 0, Skipped: 0, Time elapsed: 4.429 s <<< FAILURE! - in poly.edu.vn.display.other.NguochocDaoNGTest
poly.edu.vn.display.other.NguochocDaoNGTest.testDelete  Time elapsed: 0.056 s  <<< FAILURE!
java.lang.AssertionError: The test case is a prototype.
	at poly.edu.vn.display.other.NguochocDaoNGTest.testDelete(NguochocDaoNGTest.java:107)

poly.edu.vn.display.other.NguochocDaoNGTest.testFindById  Time elapsed: 0.01 s  <<< FAILURE!
java.lang.NullPointerException
	at poly.edu.vn.display.other.NguochocDaoNGTest.testFindById(NguochocDaoNGTest.java:148)

poly.edu.vn.display.other.NguochocDaoNGTest.testFindByIdWithNotFoundID  Time elapsed: 0.045 s  <<< FAILURE!
org.mockito.exceptions.misusing.InvalidUseOfMatchersException: 

Misplaced or misused argument matcher detected here:

-> at poly.edu.vn.display.other.NguochocDaoNGTest.testFindByIdWithNotFoundID(NguochocDaoNGTest.java:181)
-> at poly.edu.vn.display.other.NguochocDaoNGTest.testFindByIdWithNotFoundID(NguochocDaoNGTest.java:182)

You cannot use argument matchers outside of verification or stubbing.
Examples of correct usage of argument matchers:
    when(mock.get(anyInt())).thenReturn(null);
    doThrow(new RuntimeException()).when(mock).someVoidMethod(anyObject());
    verify(mock).someMethod(contains("foo"))

This message may appear after an NullPointerException if the last matcher is returning an object 
like any() but the stubbed method signature expect a primitive argument, in this case,
use primitive alternatives.
    when(mock.get(any())); // bad use, will raise NPE
    when(mock.get(anyInt())); // correct usage use

Also, this error might show up because you use argument matchers with methods that cannot be mocked.
Following methods *cannot* be stubbed/verified: final/private/equals()/hashCode().
Mocking methods declared on non-public parent classes is not supported.


poly.edu.vn.display.other.NguochocDaoNGTest.testFindByIdWithvalidID  Time elapsed: 0.014 s  <<< FAILURE!
org.powermock.core.InvocationException: 
org.mockito.exceptions.misusing.UnfinishedStubbingException: 
Unfinished stubbing detected here:
-> at poly.edu.vn.display.other.NguochocDaoNGTest.testFindByIdWithNotFoundID(NguochocDaoNGTest.java:179)

E.g. thenReturn() may be missing.
Examples of correct stubbing:
    when(mock.isOk()).thenReturn(true);
    when(mock.isOk()).thenThrow(exception);
    doThrow(exception).when(mock).someVoidMethod();
Hints:
 1. missing thenReturn()
 2. you are trying to stub a final method, which is not supported
 3: you are stubbing the behaviour of another mock inside before 'thenReturn' instruction is completed

	at poly.edu.vn.display.other.NguochocDaoNGTest.testFindByIdWithvalidID(NguochocDaoNGTest.java:159)
Caused by: org.mockito.exceptions.misusing.UnfinishedStubbingException: 

Unfinished stubbing detected here:
-> at poly.edu.vn.display.other.NguochocDaoNGTest.testFindByIdWithNotFoundID(NguochocDaoNGTest.java:179)

E.g. thenReturn() may be missing.
Examples of correct stubbing:
    when(mock.isOk()).thenReturn(true);
    when(mock.isOk()).thenThrow(exception);
    doThrow(exception).when(mock).someVoidMethod();
Hints:
 1. missing thenReturn()
 2. you are trying to stub a final method, which is not supported
 3: you are stubbing the behaviour of another mock inside before 'thenReturn' instruction is completed

	at poly.edu.vn.display.other.NguochocDaoNGTest.testFindByIdWithvalidID(NguochocDaoNGTest.java:159)

poly.edu.vn.display.other.NguochocDaoNGTest.testInsertWithEmptyModel  Time elapsed: 0.004 s  <<< FAILURE!
org.testng.TestException: 

Method NguochocDaoNGTest.testInsertWithEmptyModel()[pri:0, instance:poly.edu.vn.display.other.NguochocDaoNGTest_$$_jvsta96_0@35a3d49f] should have thrown an exception of type class java.lang.Exception

poly.edu.vn.display.other.NguochocDaoNGTest.testSelect  Time elapsed: 0.004 s  <<< FAILURE!
java.lang.NullPointerException
	at poly.edu.vn.display.other.NguochocDaoNGTest.testSelect(NguochocDaoNGTest.java:115)

poly.edu.vn.display.other.NguochocDaoNGTest.testSelectByCourse  Time elapsed: 0.008 s  <<< FAILURE!
java.lang.NullPointerException
	at poly.edu.vn.display.other.NguochocDaoNGTest.testSelectByCourse(NguochocDaoNGTest.java:137)

poly.edu.vn.display.other.NguochocDaoNGTest.testSelectByKeyword  Time elapsed: 0.039 s  <<< FAILURE!
java.lang.NullPointerException
	at poly.edu.vn.display.other.NguochocDaoNGTest.testSelectByKeyword(NguochocDaoNGTest.java:126)

poly.edu.vn.display.other.NguochocDaoNGTest.testUpdate  Time elapsed: 0.008 s  <<< FAILURE!
java.lang.NullPointerException
	at poly.edu.vn.display.other.NguochocDaoNGTest.testUpdate(NguochocDaoNGTest.java:97)

