<?xml version="1.0" encoding="UTF-8"?>
<testsuite xmlns:xsi="http://www.w3.org/2001/XMLSchema-instance" xsi:noNamespaceSchemaLocation="https://maven.apache.org/surefire/maven-surefire-plugin/xsd/surefire-test-report-3.0.xsd" version="3.0" name="poly.edu.vn.display.other.NguochocDaoNGTest" time="4.429" tests="11" errors="0" skipped="0" failures="9">
  <properties>
[...]
</properties>
  <testcase name="testDelete" classname="poly.edu.vn.display.other.NguochocDaoNGTest" time="0.056">
    <failure message="The test case is a prototype." type="java.lang.AssertionError"><![CDATA[java.lang.AssertionError: The test case is a prototype.
	at poly.edu.vn.display.other.NguochocDaoNGTest.testDelete(NguochocDaoNGTest.java:107)
]]></failure>
    <system-out><![CDATA[delete
]]></system-out>
  </testcase>
  <testcase name="testFindById" classname="poly.edu.vn.display.other.NguochocDaoNGTest" time="0.01">
    <failure type="java.lang.NullPointerException"><![CDATA[java.lang.NullPointerException
	at poly.edu.vn.display.other.NguochocDaoNGTest.testFindById(NguochocDaoNGTest.java:148)
]]></failure>
    <system-out><![CDATA[findById
]]></system-out>
  </testcase>
  <testcase name="testFindByIdWithNotFoundID" classname="poly.edu.vn.display.other.NguochocDaoNGTest" time="0.045">
    <failure message="&#10;Misplaced or misused argument matcher detected here:&#10;&#10;-&gt; at poly.edu.vn.display.other.NguochocDaoNGTest.testFindByIdWithNotFoundID(NguochocDaoNGTest.java:181)&#10;-&gt; at poly.edu.vn.display.other.NguochocDaoNGTest.testFindByIdWithNotFoundID(NguochocDaoNGTest.java:182)&#10;&#10;You cannot use argument matchers outside of verification or stubbing.&#10;Examples of correct usage of argument matchers:&#10;    when(mock.get(anyInt())).thenReturn(null);&#10;    doThrow(new RuntimeException()).when(mock).someVoidMethod(anyObject());&#10;    verify(mock).someMethod(contains(&quot;foo&quot;))&#10;&#10;This message may appear after an NullPointerException if the last matcher is returning an object &#10;like any() but the stubbed method signature expect a primitive argument, in this case,&#10;use primitive alternatives.&#10;    when(mock.get(any())); // bad use, will raise NPE&#10;    when(mock.get(anyInt())); // correct usage use&#10;&#10;Also, this error might show up because you use argument matchers with methods that cannot be mocked.&#10;Following methods *cannot* be stubbed/verified: final/private/equals()/hashCode().&#10;Mocking methods declared on non-public parent classes is not supported.&#10;" type="org.mockito.exceptions.misusing.InvalidUseOfMatchersException"><![CDATA[org.mockito.exceptions.misusing.InvalidUseOfMatchersException: 

Misplaced or misused argument matcher detected here:

-> at poly.edu.vn.display.other.NguochocDaoNGTest.testFindByIdWithNotFoundID(NguochocDaoNGTest.java:181)
-> at poly.edu.vn.display.other.NguochocDaoNGTest.testFindByIdWithNotFoundID(NguochocDaoNGTest.java:182)

You cannot use argument matchers outside of verification or stubbing.
Examples of correct usage of argument matchers:
    when(mock.get(anyInt())).thenReturn(null);
    doThrow(new RuntimeException()).when(mock).someVoidMethod(anyObject());
    verify(mock).someMethod(contains("foo"))

This message may appear after an NullPointerException if the last matcher is returning an object 
like any() but the stubbed method signature expect a primitive argument, in this case,
use primitive alternatives.
    when(mock.get(any())); // bad use, will raise NPE
    when(mock.get(anyInt())); // correct usage use

Also, this error might show up because you use argument matchers with methods that cannot be mocked.
Following methods *cannot* be stubbed/verified: final/private/equals()/hashCode().
Mocking methods declared on non-public parent classes is not supported.

]]></failure>
    <system-out><![CDATA[findById
]]></system-out>
  </testcase>
  <testcase name="testFindByIdWithvalidID" classname="poly.edu.vn.display.other.NguochocDaoNGTest" time="0.014">
    <failure message="org.mockito.exceptions.misusing.UnfinishedStubbingException: &#10;Unfinished stubbing detected here:&#10;-&gt; at poly.edu.vn.display.other.NguochocDaoNGTest.testFindByIdWithNotFoundID(NguochocDaoNGTest.java:179)&#10;&#10;E.g. thenReturn() may be missing.&#10;Examples of correct stubbing:&#10;    when(mock.isOk()).thenReturn(true);&#10;    when(mock.isOk()).thenThrow(exception);&#10;    doThrow(exception).when(mock).someVoidMethod();&#10;Hints:&#10; 1. missing thenReturn()&#10; 2. you are trying to stub a final method, which is not supported&#10; 3: you are stubbing the behaviour of another mock inside before &apos;thenReturn&apos; instruction is completed&#10;" type="org.powermock.core.InvocationException"><![CDATA[org.powermock.core.InvocationException: 
org.mockito.exceptions.misusing.UnfinishedStubbingException: 
Unfinished stubbing detected here:
-> at poly.edu.vn.display.other.NguochocDaoNGTest.testFindByIdWithNotFoundID(NguochocDaoNGTest.java:179)

E.g. thenReturn() may be missing.
Examples of correct stubbing:
    when(mock.isOk()).thenReturn(true);
    when(mock.isOk()).thenThrow(exception);
    doThrow(exception).when(mock).someVoidMethod();
Hints:
 1. missing thenReturn()
 2. you are trying to stub a final method, which is not supported
 3: you are stubbing the behaviour of another mock inside before 'thenReturn' instruction is completed

	at poly.edu.vn.display.other.NguochocDaoNGTest.testFindByIdWithvalidID(NguochocDaoNGTest.java:159)
Caused by: org.mockito.exceptions.misusing.UnfinishedStubbingException: 

Unfinished stubbing detected here:
-> at poly.edu.vn.display.other.NguochocDaoNGTest.testFindByIdWithNotFoundID(NguochocDaoNGTest.java:179)

E.g. thenReturn() may be missing.
Examples of correct stubbing:
    when(mock.isOk()).thenReturn(true);
    when(mock.isOk()).thenThrow(exception);
    doThrow(exception).when(mock).someVoidMethod();
Hints:
 1. missing thenReturn()
 2. you are trying to stub a final method, which is not supported
 3: you are stubbing the behaviour of another mock inside before 'thenReturn' instruction is completed

	at poly.edu.vn.display.other.NguochocDaoNGTest.testFindByIdWithvalidID(NguochocDaoNGTest.java:159)
]]></failure>
    <system-out><![CDATA[findById
]]></system-out>
  </testcase>
  <testcase name="testInsertWWithNullModel" classname="poly.edu.vn.display.other.NguochocDaoNGTest" time="0.002"/>
  <testcase name="testInsertWithEmptyModel" classname="poly.edu.vn.display.other.NguochocDaoNGTest" time="0.004">
    <failure message="&#10;Method NguochocDaoNGTest.testInsertWithEmptyModel()[pri:0, instance:poly.edu.vn.display.other.NguochocDaoNGTest_$$_jvsta96_0@35a3d49f] should have thrown an exception of type class java.lang.Exception" type="org.testng.TestException"><![CDATA[org.testng.TestException: 

Method NguochocDaoNGTest.testInsertWithEmptyModel()[pri:0, instance:poly.edu.vn.display.other.NguochocDaoNGTest_$$_jvsta96_0@35a3d49f] should have thrown an exception of type class java.lang.Exception
]]></failure>
    <system-out><![CDATA[insert
]]></system-out>
  </testcase>
  <testcase name="testInsertWithValidModer" classname="poly.edu.vn.display.other.NguochocDaoNGTest" time="0.002"/>
  <testcase name="testSelect" classname="poly.edu.vn.display.other.NguochocDaoNGTest" time="0.004">
    <failure type="java.lang.NullPointerException"><![CDATA[java.lang.NullPointerException
	at poly.edu.vn.display.other.NguochocDaoNGTest.testSelect(NguochocDaoNGTest.java:115)
]]></failure>
    <system-out><![CDATA[select
]]></system-out>
  </testcase>
  <testcase name="testSelectByCourse" classname="poly.edu.vn.display.other.NguochocDaoNGTest" time="0.008">
    <failure type="java.lang.NullPointerException"><![CDATA[java.lang.NullPointerException
	at poly.edu.vn.display.other.NguochocDaoNGTest.testSelectByCourse(NguochocDaoNGTest.java:137)
]]></failure>
    <system-out><![CDATA[selectByCourse
]]></system-out>
  </testcase>
  <testcase name="testSelectByKeyword" classname="poly.edu.vn.display.other.NguochocDaoNGTest" time="0.039">
    <failure type="java.lang.NullPointerException"><![CDATA[java.lang.NullPointerException
	at poly.edu.vn.display.other.NguochocDaoNGTest.testSelectByKeyword(NguochocDaoNGTest.java:126)
]]></failure>
    <system-out><![CDATA[selectByKeyword
]]></system-out>
  </testcase>
  <testcase name="testUpdate" classname="poly.edu.vn.display.other.NguochocDaoNGTest" time="0.008">
    <failure type="java.lang.NullPointerException"><![CDATA[java.lang.NullPointerException
	at poly.edu.vn.display.other.NguochocDaoNGTest.testUpdate(NguochocDaoNGTest.java:97)
]]></failure>
    <system-out><![CDATA[update
]]></system-out>
  </testcase>
</testsuite>