<?xml version="1.0" encoding="UTF-8"?>
<testsuite xmlns:xsi="http://www.w3.org/2001/XMLSchema-instance" xsi:noNamespaceSchemaLocation="https://maven.apache.org/surefire/maven-surefire-plugin/xsd/surefire-test-report-3.0.xsd" version="3.0" name="poly.edu.vn.display.other.NhanvienDaoTest" time="2.788" tests="11" errors="0" skipped="0" failures="4">
  <properties>
[...]
</properties>
  <testcase name="testFindByIdWithFound on testFindByIdWithFound(poly.edu.vn.display.other.NhanvienDaoTest)" classname="poly.edu.vn.display.other.NhanvienDaoTest" time="1.707"/>
  <testcase name="testUpdateWithNEmptyModel on testUpdateWithNEmptyModel(poly.edu.vn.display.other.NhanvienDaoTest)" classname="poly.edu.vn.display.other.NhanvienDaoTest" time="0.016">
    <failure message="Expected exception: java.lang.Exception" type="java.lang.AssertionError"><![CDATA[java.lang.AssertionError: Expected exception: java.lang.Exception
]]></failure>
  </testcase>
  <testcase name="testUpdateWithNullModel on testUpdateWithNullModel(poly.edu.vn.display.other.NhanvienDaoTest)" classname="poly.edu.vn.display.other.NhanvienDaoTest" time="0.003"/>
  <testcase name="testUpdateWithNVaidModel on testUpdateWithNVaidModel(poly.edu.vn.display.other.NhanvienDaoTest)" classname="poly.edu.vn.display.other.NhanvienDaoTest" time="0.004"/>
  <testcase name="testFindByIdWithNotFound on testFindByIdWithNotFound(poly.edu.vn.display.other.NhanvienDaoTest)" classname="poly.edu.vn.display.other.NhanvienDaoTest" time="0.006"/>
  <testcase name="testDeleteWithEmptyId on testDeleteWithEmptyId(poly.edu.vn.display.other.NhanvienDaoTest)" classname="poly.edu.vn.display.other.NhanvienDaoTest" time="0.003">
    <failure message="Expected exception: java.lang.Exception" type="java.lang.AssertionError"><![CDATA[java.lang.AssertionError: Expected exception: java.lang.Exception
]]></failure>
  </testcase>
  <testcase name="testInsertWithEmptyModel on testInsertWithEmptyModel(poly.edu.vn.display.other.NhanvienDaoTest)" classname="poly.edu.vn.display.other.NhanvienDaoTest" time="0.003">
    <failure message="Expected exception: java.lang.Exception" type="java.lang.AssertionError"><![CDATA[java.lang.AssertionError: Expected exception: java.lang.Exception
]]></failure>
  </testcase>
  <testcase name="testDeleteWithValidID on testDeleteWithValidID(poly.edu.vn.display.other.NhanvienDaoTest)" classname="poly.edu.vn.display.other.NhanvienDaoTest" time="0.002"/>
  <testcase name="testInsertValidModel on testInsertValidModel(poly.edu.vn.display.other.NhanvienDaoTest)" classname="poly.edu.vn.display.other.NhanvienDaoTest" time="0.002"/>
  <testcase name="testInsertWithNullModel on testInsertWithNullModel(poly.edu.vn.display.other.NhanvienDaoTest)" classname="poly.edu.vn.display.other.NhanvienDaoTest" time="0.002"/>
  <testcase name="testDeleteWithNullID on testDeleteWithNullID(poly.edu.vn.display.other.NhanvienDaoTest)" classname="poly.edu.vn.display.other.NhanvienDaoTest" time="0.002">
    <failure message="Expected exception: java.lang.Exception" type="java.lang.AssertionError"><![CDATA[java.lang.AssertionError: Expected exception: java.lang.Exception
]]></failure>
  </testcase>
</testsuite>